{"contracts\\AddressLockProxy.sol":{"l":{"22":244,"25":244,"26":56,"29":188,"30":188,"31":188,"33":184,"65":852,"70":1},"path":"C:\\Users\\Ryan\\Documents\\Revest\\Resonate\\hardhat\\contracts\\AddressLockProxy.sol","s":{"1":244,"2":244,"3":56,"4":188,"5":188,"6":188,"7":184,"8":852,"9":1},"b":{"1":[56,188]},"f":{"1":3,"2":244,"3":40,"4":0,"5":0,"6":0,"7":0,"8":0,"9":0,"10":852,"11":1},"fnMap":{"1":{"name":"constructor","line":17,"loc":{"start":{"line":17,"column":4},"end":{"line":19,"column":4}}},"2":{"name":"isUnlockable","line":21,"loc":{"start":{"line":21,"column":4},"end":{"line":34,"column":4}}},"3":{"name":"createLock","line":55,"loc":{"start":{"line":55,"column":4},"end":{"line":55,"column":84}}},"4":{"name":"updateLock","line":56,"loc":{"start":{"line":56,"column":4},"end":{"line":56,"column":84}}},"5":{"name":"getDisplayValues","line":57,"loc":{"start":{"line":57,"column":4},"end":{"line":57,"column":94}}},"6":{"name":"getMetadata","line":58,"loc":{"start":{"line":58,"column":4},"end":{"line":58,"column":66}}},"7":{"name":"needsUpdate","line":59,"loc":{"start":{"line":59,"column":4},"end":{"line":59,"column":57}}},"8":{"name":"getAddressRegistry","line":61,"loc":{"start":{"line":61,"column":4},"end":{"line":61,"column":67}}},"9":{"name":"setAddressRegistry","line":62,"loc":{"start":{"line":62,"column":4},"end":{"line":62,"column":58}}},"10":{"name":"supportsInterface","line":64,"loc":{"start":{"line":64,"column":4},"end":{"line":67,"column":4}}},"11":{"name":"setResonate","line":69,"loc":{"start":{"line":69,"column":4},"end":{"line":71,"column":4}}}},"statementMap":{"1":{"start":{"line":22,"column":8},"end":{"line":22,"column":663}},"2":{"start":{"line":25,"column":8},"end":{"line":25,"column":821}},"3":{"start":{"line":26,"column":12},"end":{"line":26,"column":23}},"4":{"start":{"line":29,"column":8},"end":{"line":29,"column":55}},"5":{"start":{"line":30,"column":8},"end":{"line":30,"column":78}},"6":{"start":{"line":31,"column":8},"end":{"line":31,"column":108}},"7":{"start":{"line":33,"column":8},"end":{"line":33,"column":68}},"8":{"start":{"line":65,"column":8},"end":{"line":65,"column":2973}},"9":{"start":{"line":70,"column":8},"end":{"line":70,"column":38}}},"branchMap":{"1":{"line":25,"type":"if","locations":[{"start":{"line":25,"column":8},"end":{"line":25,"column":8}},{"start":{"line":25,"column":8},"end":{"line":25,"column":8}}]}}},"contracts\\interfaces\\IAddressLock.sol":{"l":{},"path":"C:\\Users\\Ryan\\Documents\\Revest\\Resonate\\hardhat\\contracts\\interfaces\\IAddressLock.sol","s":{},"b":{},"f":{},"fnMap":{},"statementMap":{},"branchMap":{}},"contracts\\interfaces\\IAddressRegistry.sol":{"l":{},"path":"C:\\Users\\Ryan\\Documents\\Revest\\Resonate\\hardhat\\contracts\\interfaces\\IAddressRegistry.sol","s":{},"b":{},"f":{},"fnMap":{},"statementMap":{},"branchMap":{}},"contracts\\interfaces\\IERC20Detailed.sol":{"l":{},"path":"C:\\Users\\Ryan\\Documents\\Revest\\Resonate\\hardhat\\contracts\\interfaces\\IERC20Detailed.sol","s":{},"b":{},"f":{},"fnMap":{},"statementMap":{},"branchMap":{}},"contracts\\interfaces\\IERC4626.sol":{"l":{},"path":"C:\\Users\\Ryan\\Documents\\Revest\\Resonate\\hardhat\\contracts\\interfaces\\IERC4626.sol","s":{},"b":{},"f":{},"fnMap":{},"statementMap":{},"branchMap":{}},"contracts\\interfaces\\IFNFTHandler.sol":{"l":{},"path":"C:\\Users\\Ryan\\Documents\\Revest\\Resonate\\hardhat\\contracts\\interfaces\\IFNFTHandler.sol","s":{},"b":{},"f":{},"fnMap":{},"statementMap":{},"branchMap":{}},"contracts\\interfaces\\ILockManager.sol":{"l":{},"path":"C:\\Users\\Ryan\\Documents\\Revest\\Resonate\\hardhat\\contracts\\interfaces\\ILockManager.sol","s":{},"b":{},"f":{},"fnMap":{},"statementMap":{},"branchMap":{}},"contracts\\interfaces\\IOracleDispatch.sol":{"l":{},"path":"C:\\Users\\Ryan\\Documents\\Revest\\Resonate\\hardhat\\contracts\\interfaces\\IOracleDispatch.sol","s":{},"b":{},"f":{},"fnMap":{},"statementMap":{},"branchMap":{}},"contracts\\interfaces\\IOutputReceiver.sol":{"l":{},"path":"C:\\Users\\Ryan\\Documents\\Revest\\Resonate\\hardhat\\contracts\\interfaces\\IOutputReceiver.sol","s":{},"b":{},"f":{},"fnMap":{},"statementMap":{},"branchMap":{}},"contracts\\interfaces\\IOutputReceiverV2.sol":{"l":{},"path":"C:\\Users\\Ryan\\Documents\\Revest\\Resonate\\hardhat\\contracts\\interfaces\\IOutputReceiverV2.sol","s":{},"b":{},"f":{},"fnMap":{},"statementMap":{},"branchMap":{}},"contracts\\interfaces\\IOutputReceiverV3.sol":{"l":{},"path":"C:\\Users\\Ryan\\Documents\\Revest\\Resonate\\hardhat\\contracts\\interfaces\\IOutputReceiverV3.sol","s":{},"b":{},"f":{},"fnMap":{},"statementMap":{},"branchMap":{}},"contracts\\interfaces\\IRegistryProvider.sol":{"l":{},"path":"C:\\Users\\Ryan\\Documents\\Revest\\Resonate\\hardhat\\contracts\\interfaces\\IRegistryProvider.sol","s":{},"b":{},"f":{},"fnMap":{},"statementMap":{},"branchMap":{}},"contracts\\interfaces\\IResonate.sol":{"l":{"7":128},"path":"C:\\Users\\Ryan\\Documents\\Revest\\Resonate\\hardhat\\contracts\\interfaces\\IResonate.sol","s":{"1":128},"b":{},"f":{"1":128},"fnMap":{"1":{"name":"toAddress","line":6,"loc":{"start":{"line":6,"column":4},"end":{"line":8,"column":4}}}},"statementMap":{"1":{"start":{"line":7,"column":8},"end":{"line":7,"column":45}}},"branchMap":{}},"contracts\\interfaces\\IRevest.sol":{"l":{},"path":"C:\\Users\\Ryan\\Documents\\Revest\\Resonate\\hardhat\\contracts\\interfaces\\IRevest.sol","s":{},"b":{},"f":{},"fnMap":{},"statementMap":{},"branchMap":{}},"contracts\\interfaces\\ITokenVault.sol":{"l":{},"path":"C:\\Users\\Ryan\\Documents\\Revest\\Resonate\\hardhat\\contracts\\interfaces\\ITokenVault.sol","s":{},"b":{},"f":{},"fnMap":{},"statementMap":{},"branchMap":{}},"contracts\\lib\\ERC20.sol":{"l":{"56":12,"57":12,"58":12,"60":12,"61":12,"69":145,"71":145,"73":145,"77":18,"81":18,"82":18,"85":18,"87":18,"95":0,"97":0,"99":0,"103":0,"104":0,"107":0,"109":0,"125":0,"129":0,"130":0,"154":0,"156":0,"159":0,"163":0,"167":12,"184":45,"188":45,"189":45,"192":45,"196":400,"200":400,"201":400,"204":400},"path":"C:\\Users\\Ryan\\Documents\\Revest\\Resonate\\hardhat\\contracts\\lib\\ERC20.sol","s":{"1":12,"2":12,"3":12,"4":12,"5":12,"6":145,"7":145,"8":145,"9":18,"10":18,"11":18,"12":18,"13":0,"14":0,"15":0,"16":0,"17":0,"18":0,"19":0,"20":0,"21":0,"22":0,"23":0,"24":0,"25":0,"26":12,"27":45,"28":45,"29":45,"30":400,"31":400,"32":400},"b":{"1":[0,0],"2":[0,0],"3":[0,0]},"f":{"1":12,"2":145,"3":18,"4":0,"5":0,"6":0,"7":12,"8":45,"9":400},"fnMap":{"1":{"name":"constructor","line":51,"loc":{"start":{"line":51,"column":4},"end":{"line":62,"column":4}}},"2":{"name":"approve","line":68,"loc":{"start":{"line":68,"column":4},"end":{"line":74,"column":4}}},"3":{"name":"transfer","line":76,"loc":{"start":{"line":76,"column":4},"end":{"line":88,"column":4}}},"4":{"name":"transferFrom","line":90,"loc":{"start":{"line":90,"column":4},"end":{"line":110,"column":4}}},"5":{"name":"permit","line":116,"loc":{"start":{"line":116,"column":4},"end":{"line":160,"column":4}}},"6":{"name":"DOMAIN_SEPARATOR","line":162,"loc":{"start":{"line":162,"column":4},"end":{"line":164,"column":4}}},"7":{"name":"computeDomainSeparator","line":166,"loc":{"start":{"line":166,"column":4},"end":{"line":177,"column":4}}},"8":{"name":"_mint","line":183,"loc":{"start":{"line":183,"column":4},"end":{"line":193,"column":4}}},"9":{"name":"_burn","line":195,"loc":{"start":{"line":195,"column":4},"end":{"line":205,"column":4}}}},"statementMap":{"1":{"start":{"line":56,"column":8},"end":{"line":56,"column":19}},"2":{"start":{"line":57,"column":8},"end":{"line":57,"column":23}},"3":{"start":{"line":58,"column":8},"end":{"line":58,"column":27}},"4":{"start":{"line":60,"column":8},"end":{"line":60,"column":39}},"5":{"start":{"line":61,"column":8},"end":{"line":61,"column":58}},"6":{"start":{"line":69,"column":8},"end":{"line":69,"column":46}},"7":{"start":{"line":71,"column":8},"end":{"line":71,"column":50}},"8":{"start":{"line":73,"column":8},"end":{"line":73,"column":19}},"9":{"start":{"line":77,"column":8},"end":{"line":77,"column":38}},"10":{"start":{"line":82,"column":12},"end":{"line":82,"column":34}},"11":{"start":{"line":85,"column":8},"end":{"line":85,"column":45}},"12":{"start":{"line":87,"column":8},"end":{"line":87,"column":19}},"13":{"start":{"line":95,"column":8},"end":{"line":95,"column":53}},"14":{"start":{"line":97,"column":8},"end":{"line":97,"column":88}},"15":{"start":{"line":97,"column":42},"end":{"line":97,"column":87}},"16":{"start":{"line":99,"column":8},"end":{"line":99,"column":32}},"17":{"start":{"line":104,"column":12},"end":{"line":104,"column":34}},"18":{"start":{"line":107,"column":8},"end":{"line":107,"column":39}},"19":{"start":{"line":109,"column":8},"end":{"line":109,"column":19}},"20":{"start":{"line":125,"column":8},"end":{"line":125,"column":70}},"21":{"start":{"line":130,"column":12},"end":{"line":130,"column":4415}},"22":{"start":{"line":154,"column":12},"end":{"line":154,"column":97}},"23":{"start":{"line":156,"column":12},"end":{"line":156,"column":55}},"24":{"start":{"line":159,"column":8},"end":{"line":159,"column":44}},"25":{"start":{"line":163,"column":8},"end":{"line":163,"column":102}},"26":{"start":{"line":167,"column":8},"end":{"line":167,"column":5781}},"27":{"start":{"line":184,"column":8},"end":{"line":184,"column":28}},"28":{"start":{"line":189,"column":12},"end":{"line":189,"column":34}},"29":{"start":{"line":192,"column":8},"end":{"line":192,"column":45}},"30":{"start":{"line":196,"column":8},"end":{"line":196,"column":32}},"31":{"start":{"line":201,"column":12},"end":{"line":201,"column":32}},"32":{"start":{"line":204,"column":8},"end":{"line":204,"column":47}}},"branchMap":{"1":{"line":97,"type":"if","locations":[{"start":{"line":97,"column":8},"end":{"line":97,"column":8}},{"start":{"line":97,"column":8},"end":{"line":97,"column":8}}]},"2":{"line":125,"type":"if","locations":[{"start":{"line":125,"column":8},"end":{"line":125,"column":8}},{"start":{"line":125,"column":8},"end":{"line":125,"column":8}}]},"3":{"line":154,"type":"if","locations":[{"start":{"line":154,"column":12},"end":{"line":154,"column":12}},{"start":{"line":154,"column":12},"end":{"line":154,"column":12}}]}}},"contracts\\lib\\ERC4626.sol":{"l":{"41":12,"50":45,"53":45,"55":45,"57":45,"59":45,"63":0,"66":0,"68":0,"70":0,"72":0,"80":399,"82":399,"83":0,"85":0,"88":399,"90":399,"92":399,"94":399,"102":1,"103":0,"105":0,"109":1,"111":1,"113":1,"115":1,"117":1,"127":133,"129":133,"133":707,"136":707,"140":116,"144":0,"146":0,"150":520,"152":520,"156":698,"164":0,"168":0,"172":0,"176":0},"path":"C:\\Users\\Ryan\\Documents\\Revest\\Resonate\\hardhat\\contracts\\lib\\ERC4626.sol","s":{"1":12,"2":45,"3":45,"4":45,"5":45,"6":45,"7":0,"8":0,"9":0,"10":0,"11":0,"12":399,"13":399,"14":0,"15":0,"16":0,"17":399,"18":399,"19":399,"20":399,"21":1,"22":0,"23":0,"24":0,"25":1,"26":1,"27":1,"28":1,"29":1,"30":133,"31":133,"32":707,"33":707,"34":116,"35":0,"36":0,"37":520,"38":520,"39":698,"40":0,"41":0,"42":0,"43":0},"b":{"1":[45,0],"2":[0,399],"3":[0,0],"4":[0,1],"5":[0,0],"6":[1,0]},"f":{"1":12,"2":45,"3":0,"4":399,"5":1,"6":133,"7":707,"8":116,"9":0,"10":520,"11":698,"12":0,"13":0,"14":0,"15":0,"16":400,"17":45},"fnMap":{"1":{"name":"constructor","line":40,"loc":{"start":{"line":36,"column":4},"end":{"line":42,"column":4}}},"2":{"name":"deposit","line":48,"loc":{"start":{"line":48,"column":4},"end":{"line":60,"column":4}}},"3":{"name":"mint","line":62,"loc":{"start":{"line":62,"column":4},"end":{"line":73,"column":4}}},"4":{"name":"withdraw","line":75,"loc":{"start":{"line":75,"column":4},"end":{"line":95,"column":4}}},"5":{"name":"redeem","line":97,"loc":{"start":{"line":97,"column":4},"end":{"line":118,"column":4}}},"6":{"name":"convertToShares","line":126,"loc":{"start":{"line":126,"column":4},"end":{"line":130,"column":4}}},"7":{"name":"convertToAssets","line":132,"loc":{"start":{"line":132,"column":4},"end":{"line":137,"column":4}}},"8":{"name":"previewDeposit","line":139,"loc":{"start":{"line":139,"column":4},"end":{"line":141,"column":4}}},"9":{"name":"previewMint","line":143,"loc":{"start":{"line":143,"column":4},"end":{"line":147,"column":4}}},"10":{"name":"previewWithdraw","line":149,"loc":{"start":{"line":149,"column":4},"end":{"line":153,"column":4}}},"11":{"name":"previewRedeem","line":155,"loc":{"start":{"line":155,"column":4},"end":{"line":157,"column":4}}},"12":{"name":"maxDeposit","line":163,"loc":{"start":{"line":163,"column":4},"end":{"line":165,"column":4}}},"13":{"name":"maxMint","line":167,"loc":{"start":{"line":167,"column":4},"end":{"line":169,"column":4}}},"14":{"name":"maxWithdraw","line":171,"loc":{"start":{"line":171,"column":4},"end":{"line":173,"column":4}}},"15":{"name":"maxRedeem","line":175,"loc":{"start":{"line":175,"column":4},"end":{"line":177,"column":4}}},"16":{"name":"beforeWithdraw","line":183,"loc":{"start":{"line":183,"column":4},"end":{"line":183,"column":78}}},"17":{"name":"afterDeposit","line":185,"loc":{"start":{"line":185,"column":4},"end":{"line":185,"column":76}}}},"statementMap":{"1":{"start":{"line":41,"column":8},"end":{"line":41,"column":21}},"2":{"start":{"line":50,"column":8},"end":{"line":50,"column":69}},"3":{"start":{"line":53,"column":8},"end":{"line":53,"column":64}},"4":{"start":{"line":55,"column":8},"end":{"line":55,"column":30}},"5":{"start":{"line":57,"column":8},"end":{"line":57,"column":58}},"6":{"start":{"line":59,"column":8},"end":{"line":59,"column":35}},"7":{"start":{"line":63,"column":8},"end":{"line":63,"column":35}},"8":{"start":{"line":66,"column":8},"end":{"line":66,"column":64}},"9":{"start":{"line":68,"column":8},"end":{"line":68,"column":30}},"10":{"start":{"line":70,"column":8},"end":{"line":70,"column":58}},"11":{"start":{"line":72,"column":8},"end":{"line":72,"column":35}},"12":{"start":{"line":80,"column":8},"end":{"line":80,"column":39}},"13":{"start":{"line":82,"column":8},"end":{"line":82,"column":3005}},"14":{"start":{"line":83,"column":12},"end":{"line":83,"column":58}},"15":{"start":{"line":85,"column":12},"end":{"line":85,"column":93}},"16":{"start":{"line":85,"column":46},"end":{"line":85,"column":92}},"17":{"start":{"line":88,"column":8},"end":{"line":88,"column":37}},"18":{"start":{"line":90,"column":8},"end":{"line":90,"column":27}},"19":{"start":{"line":92,"column":8},"end":{"line":92,"column":66}},"20":{"start":{"line":94,"column":8},"end":{"line":94,"column":43}},"21":{"start":{"line":102,"column":8},"end":{"line":102,"column":3598}},"22":{"start":{"line":103,"column":12},"end":{"line":103,"column":58}},"23":{"start":{"line":105,"column":12},"end":{"line":105,"column":93}},"24":{"start":{"line":105,"column":46},"end":{"line":105,"column":92}},"25":{"start":{"line":109,"column":8},"end":{"line":109,"column":68}},"26":{"start":{"line":111,"column":8},"end":{"line":111,"column":37}},"27":{"start":{"line":113,"column":8},"end":{"line":113,"column":27}},"28":{"start":{"line":115,"column":8},"end":{"line":115,"column":66}},"29":{"start":{"line":117,"column":8},"end":{"line":117,"column":43}},"30":{"start":{"line":127,"column":8},"end":{"line":127,"column":36}},"31":{"start":{"line":129,"column":8},"end":{"line":129,"column":78}},"32":{"start":{"line":133,"column":8},"end":{"line":133,"column":36}},"33":{"start":{"line":136,"column":8},"end":{"line":136,"column":78}},"34":{"start":{"line":140,"column":8},"end":{"line":140,"column":38}},"35":{"start":{"line":144,"column":8},"end":{"line":144,"column":36}},"36":{"start":{"line":146,"column":8},"end":{"line":146,"column":76}},"37":{"start":{"line":150,"column":8},"end":{"line":150,"column":36}},"38":{"start":{"line":152,"column":8},"end":{"line":152,"column":76}},"39":{"start":{"line":156,"column":8},"end":{"line":156,"column":38}},"40":{"start":{"line":164,"column":8},"end":{"line":164,"column":32}},"41":{"start":{"line":168,"column":8},"end":{"line":168,"column":32}},"42":{"start":{"line":172,"column":8},"end":{"line":172,"column":48}},"43":{"start":{"line":176,"column":8},"end":{"line":176,"column":31}}},"branchMap":{"1":{"line":50,"type":"if","locations":[{"start":{"line":50,"column":8},"end":{"line":50,"column":8}},{"start":{"line":50,"column":8},"end":{"line":50,"column":8}}]},"2":{"line":82,"type":"if","locations":[{"start":{"line":82,"column":8},"end":{"line":82,"column":8}},{"start":{"line":82,"column":8},"end":{"line":82,"column":8}}]},"3":{"line":85,"type":"if","locations":[{"start":{"line":85,"column":12},"end":{"line":85,"column":12}},{"start":{"line":85,"column":12},"end":{"line":85,"column":12}}]},"4":{"line":102,"type":"if","locations":[{"start":{"line":102,"column":8},"end":{"line":102,"column":8}},{"start":{"line":102,"column":8},"end":{"line":102,"column":8}}]},"5":{"line":105,"type":"if","locations":[{"start":{"line":105,"column":12},"end":{"line":105,"column":12}},{"start":{"line":105,"column":12},"end":{"line":105,"column":12}}]},"6":{"line":109,"type":"if","locations":[{"start":{"line":109,"column":8},"end":{"line":109,"column":8}},{"start":{"line":109,"column":8},"end":{"line":109,"column":8}}]}}},"contracts\\lib\\FixedPointMathLib.sol":{"l":{"15":0,"19":0,"23":0,"27":0,"39":826,"58":520,"79":0,"167":0},"path":"C:\\Users\\Ryan\\Documents\\Revest\\Resonate\\hardhat\\contracts\\lib\\FixedPointMathLib.sol","s":{"1":0,"2":0,"3":0,"4":0},"b":{},"f":{"1":0,"2":0,"3":0,"4":0,"5":826,"6":520,"7":0,"8":0},"fnMap":{"1":{"name":"mulWadDown","line":14,"loc":{"start":{"line":14,"column":4},"end":{"line":16,"column":4}}},"2":{"name":"mulWadUp","line":18,"loc":{"start":{"line":18,"column":4},"end":{"line":20,"column":4}}},"3":{"name":"divWadDown","line":22,"loc":{"start":{"line":22,"column":4},"end":{"line":24,"column":4}}},"4":{"name":"divWadUp","line":26,"loc":{"start":{"line":26,"column":4},"end":{"line":28,"column":4}}},"5":{"name":"mulDivDown","line":34,"loc":{"start":{"line":34,"column":4},"end":{"line":51,"column":4}}},"6":{"name":"mulDivUp","line":53,"loc":{"start":{"line":53,"column":4},"end":{"line":72,"column":4}}},"7":{"name":"rpow","line":74,"loc":{"start":{"line":74,"column":4},"end":{"line":160,"column":4}}},"8":{"name":"sqrt","line":166,"loc":{"start":{"line":166,"column":4},"end":{"line":221,"column":4}}}},"statementMap":{"1":{"start":{"line":15,"column":8},"end":{"line":15,"column":36}},"2":{"start":{"line":19,"column":8},"end":{"line":19,"column":34}},"3":{"start":{"line":23,"column":8},"end":{"line":23,"column":36}},"4":{"start":{"line":27,"column":8},"end":{"line":27,"column":34}}},"branchMap":{}},"contracts\\lib\\FullMath.sol":{"l":{"19":0,"25":0,"26":0,"27":0,"34":0,"35":0,"36":0,"39":0,"44":0,"52":0,"53":0,"57":0,"65":0,"67":0,"72":0,"78":0,"81":0,"88":0,"92":0,"93":0,"94":0,"95":0,"96":0,"97":0,"105":0,"106":0,"120":0,"121":0,"122":0,"123":0,"124":0},"path":"C:\\Users\\Ryan\\Documents\\Revest\\Resonate\\hardhat\\contracts\\lib\\FullMath.sol","s":{"1":0,"2":0,"3":0,"4":0,"5":0,"6":0,"7":0,"8":0,"9":0,"10":0,"11":0,"12":0,"13":0,"14":0,"15":0,"16":0,"17":0,"18":0,"19":0,"20":0,"21":0},"b":{"1":[0,0],"2":[0,0],"3":[0,0],"4":[0,0],"5":[0,0]},"f":{"1":0,"2":0},"fnMap":{"1":{"name":"mulDiv","line":14,"loc":{"start":{"line":14,"column":4},"end":{"line":108,"column":4}}},"2":{"name":"mulDivRoundingUp","line":115,"loc":{"start":{"line":115,"column":4},"end":{"line":127,"column":4}}}},"statementMap":{"1":{"start":{"line":25,"column":12},"end":{"line":25,"column":25}},"2":{"start":{"line":26,"column":12},"end":{"line":26,"column":25}},"3":{"start":{"line":34,"column":12},"end":{"line":34,"column":1655}},"4":{"start":{"line":35,"column":16},"end":{"line":35,"column":39}},"5":{"start":{"line":39,"column":16},"end":{"line":39,"column":29}},"6":{"start":{"line":44,"column":12},"end":{"line":44,"column":39}},"7":{"start":{"line":52,"column":12},"end":{"line":52,"column":29}},"8":{"start":{"line":65,"column":12},"end":{"line":65,"column":58}},"9":{"start":{"line":81,"column":12},"end":{"line":81,"column":32}},"10":{"start":{"line":88,"column":12},"end":{"line":88,"column":47}},"11":{"start":{"line":92,"column":12},"end":{"line":92,"column":39}},"12":{"start":{"line":93,"column":12},"end":{"line":93,"column":39}},"13":{"start":{"line":94,"column":12},"end":{"line":94,"column":39}},"14":{"start":{"line":95,"column":12},"end":{"line":95,"column":39}},"15":{"start":{"line":96,"column":12},"end":{"line":96,"column":39}},"16":{"start":{"line":97,"column":12},"end":{"line":97,"column":39}},"17":{"start":{"line":105,"column":12},"end":{"line":105,"column":31}},"18":{"start":{"line":106,"column":12},"end":{"line":106,"column":25}},"19":{"start":{"line":121,"column":12},"end":{"line":121,"column":45}},"20":{"start":{"line":122,"column":12},"end":{"line":122,"column":5500}},"21":{"start":{"line":123,"column":16},"end":{"line":123,"column":50}}},"branchMap":{"1":{"line":34,"type":"if","locations":[{"start":{"line":34,"column":12},"end":{"line":34,"column":12}},{"start":{"line":34,"column":12},"end":{"line":34,"column":12}}]},"2":{"line":35,"type":"if","locations":[{"start":{"line":35,"column":16},"end":{"line":35,"column":16}},{"start":{"line":35,"column":16},"end":{"line":35,"column":16}}]},"3":{"line":44,"type":"if","locations":[{"start":{"line":44,"column":12},"end":{"line":44,"column":12}},{"start":{"line":44,"column":12},"end":{"line":44,"column":12}}]},"4":{"line":122,"type":"if","locations":[{"start":{"line":122,"column":12},"end":{"line":122,"column":12}},{"start":{"line":122,"column":12},"end":{"line":122,"column":12}}]},"5":{"line":123,"type":"if","locations":[{"start":{"line":123,"column":16},"end":{"line":123,"column":16}},{"start":{"line":123,"column":16},"end":{"line":123,"column":16}}]}}},"contracts\\lib\\SafeTransferLib.sol":{"l":{"17":0,"19":0,"24":0,"37":45,"39":45,"54":45,"62":400,"64":400,"78":400,"86":0,"88":0,"102":0,"110":444},"path":"C:\\Users\\Ryan\\Documents\\Revest\\Resonate\\hardhat\\contracts\\lib\\SafeTransferLib.sol","s":{"1":0,"2":0,"3":45,"4":45,"5":400,"6":399,"7":0,"8":0},"b":{"1":[0,0],"2":[45,0],"3":[382,18],"4":[0,0]},"f":{"1":0,"2":45,"3":400,"4":0,"5":444},"fnMap":{"1":{"name":"safeTransferETH","line":16,"loc":{"start":{"line":16,"column":4},"end":{"line":25,"column":4}}},"2":{"name":"safeTransferFrom","line":31,"loc":{"start":{"line":31,"column":4},"end":{"line":55,"column":4}}},"3":{"name":"safeTransfer","line":57,"loc":{"start":{"line":57,"column":4},"end":{"line":79,"column":4}}},"4":{"name":"safeApprove","line":81,"loc":{"start":{"line":81,"column":4},"end":{"line":103,"column":4}}},"5":{"name":"didLastOptionalReturnCallSucceed","line":109,"loc":{"start":{"line":109,"column":4},"end":{"line":137,"column":4}}}},"statementMap":{"1":{"start":{"line":17,"column":8},"end":{"line":17,"column":23}},"2":{"start":{"line":24,"column":8},"end":{"line":24,"column":49}},"3":{"start":{"line":37,"column":8},"end":{"line":37,"column":23}},"4":{"start":{"line":54,"column":8},"end":{"line":54,"column":84}},"5":{"start":{"line":62,"column":8},"end":{"line":62,"column":23}},"6":{"start":{"line":78,"column":8},"end":{"line":78,"column":79}},"7":{"start":{"line":86,"column":8},"end":{"line":86,"column":23}},"8":{"start":{"line":102,"column":8},"end":{"line":102,"column":78}}},"branchMap":{"1":{"line":24,"type":"if","locations":[{"start":{"line":24,"column":8},"end":{"line":24,"column":8}},{"start":{"line":24,"column":8},"end":{"line":24,"column":8}}]},"2":{"line":54,"type":"if","locations":[{"start":{"line":54,"column":8},"end":{"line":54,"column":8}},{"start":{"line":54,"column":8},"end":{"line":54,"column":8}}]},"3":{"line":78,"type":"if","locations":[{"start":{"line":78,"column":8},"end":{"line":78,"column":8}},{"start":{"line":78,"column":8},"end":{"line":78,"column":8}}]},"4":{"line":102,"type":"if","locations":[{"start":{"line":102,"column":8},"end":{"line":102,"column":8}},{"start":{"line":102,"column":8},"end":{"line":102,"column":8}}]}}},"contracts\\lib\\uniswap\\IUniswapV2Factory.sol":{"l":{},"path":"C:\\Users\\Ryan\\Documents\\Revest\\Resonate\\hardhat\\contracts\\lib\\uniswap\\IUniswapV2Factory.sol","s":{},"b":{},"f":{},"fnMap":{},"statementMap":{},"branchMap":{}},"contracts\\lib\\uniswap\\IUniswapV2Pair.sol":{"l":{},"path":"C:\\Users\\Ryan\\Documents\\Revest\\Resonate\\hardhat\\contracts\\lib\\uniswap\\IUniswapV2Pair.sol","s":{},"b":{},"f":{},"fnMap":{},"statementMap":{},"branchMap":{}},"contracts\\lib\\uniswap\\IUniswapV2Router01.sol":{"l":{},"path":"C:\\Users\\Ryan\\Documents\\Revest\\Resonate\\hardhat\\contracts\\lib\\uniswap\\IUniswapV2Router01.sol","s":{},"b":{},"f":{},"fnMap":{},"statementMap":{},"branchMap":{}},"contracts\\lib\\uniswap\\IUniswapV2Router02.sol":{"l":{},"path":"C:\\Users\\Ryan\\Documents\\Revest\\Resonate\\hardhat\\contracts\\lib\\uniswap\\IUniswapV2Router02.sol","s":{},"b":{},"f":{},"fnMap":{},"statementMap":{},"branchMap":{}},"contracts\\lib\\yearn\\IVault.sol":{"l":{},"path":"C:\\Users\\Ryan\\Documents\\Revest\\Resonate\\hardhat\\contracts\\lib\\yearn\\IVault.sol","s":{},"b":{},"f":{},"fnMap":{},"statementMap":{},"branchMap":{}},"contracts\\mocks\\mockOracleDispatch.sol":{"l":{"30":0,"35":0,"41":0,"45":6,"61":15,"67":0,"71":0,"75":0,"80":0,"85":0,"90":0,"96":0,"101":0,"133":0,"152":0,"153":0,"160":0,"171":0},"path":"C:\\Users\\Ryan\\Documents\\Revest\\Resonate\\hardhat\\contracts\\mocks\\mockOracleDispatch.sol","s":{"1":0,"2":0,"3":0,"4":6,"5":15,"6":0,"7":0,"8":0,"9":0,"10":0,"11":0,"12":0,"13":0,"14":0,"15":0,"16":0,"17":0,"18":0},"b":{},"f":{"1":3,"2":0,"3":0,"4":0,"5":6,"6":15,"7":0,"8":0,"9":0,"10":0,"11":0,"12":0,"13":0,"14":0,"15":0,"16":0,"17":0,"18":0,"19":0},"fnMap":{"1":{"name":"constructor","line":20,"loc":{"start":{"line":20,"column":4},"end":{"line":22,"column":4}}},"2":{"name":"updateOracle","line":29,"loc":{"start":{"line":29,"column":4},"end":{"line":31,"column":4}}},"3":{"name":"pokeOracle","line":34,"loc":{"start":{"line":34,"column":4},"end":{"line":36,"column":4}}},"4":{"name":"initializeOracle","line":40,"loc":{"start":{"line":40,"column":4},"end":{"line":42,"column":4}}},"5":{"name":"setPrice","line":44,"loc":{"start":{"line":44,"column":4},"end":{"line":46,"column":4}}},"6":{"name":"getValueOfAsset","line":53,"loc":{"start":{"line":53,"column":4},"end":{"line":63,"column":4}}},"7":{"name":"oracleNeedsUpdates","line":66,"loc":{"start":{"line":66,"column":4},"end":{"line":68,"column":4}}},"8":{"name":"oracleNeedsInitialization","line":70,"loc":{"start":{"line":70,"column":4},"end":{"line":72,"column":4}}},"9":{"name":"canOracleBeCreatedForRoute","line":74,"loc":{"start":{"line":74,"column":4},"end":{"line":76,"column":4}}},"10":{"name":"oracleNeedsPoking","line":79,"loc":{"start":{"line":79,"column":4},"end":{"line":81,"column":4}}},"11":{"name":"getTimePeriodAfterPoke","line":84,"loc":{"start":{"line":84,"column":4},"end":{"line":86,"column":4}}},"12":{"name":"getOracleForPair","line":89,"loc":{"start":{"line":89,"column":4},"end":{"line":91,"column":4}}},"13":{"name":"getPairHasOracle","line":94,"loc":{"start":{"line":94,"column":4},"end":{"line":97,"column":4}}},"14":{"name":"getInstantPrice","line":100,"loc":{"start":{"line":100,"column":4},"end":{"line":102,"column":4}}},"15":{"name":"getPriceForOracle","line":108,"loc":{"start":{"line":108,"column":4},"end":{"line":134,"column":4}}},"16":{"name":"batchAddOracles","line":136,"loc":{"start":{"line":136,"column":4},"end":{"line":144,"column":4}}},"17":{"name":"addOracle","line":146,"loc":{"start":{"line":146,"column":4},"end":{"line":154,"column":4}}},"18":{"name":"getOracleID","line":159,"loc":{"start":{"line":159,"column":4},"end":{"line":161,"column":4}}},"19":{"name":"isStandardAsset","line":164,"loc":{"start":{"line":164,"column":4},"end":{"line":172,"column":4}}}},"statementMap":{"1":{"start":{"line":30,"column":8},"end":{"line":30,"column":19}},"2":{"start":{"line":35,"column":8},"end":{"line":35,"column":19}},"3":{"start":{"line":41,"column":8},"end":{"line":41,"column":19}},"4":{"start":{"line":45,"column":8},"end":{"line":45,"column":46}},"5":{"start":{"line":61,"column":8},"end":{"line":61,"column":39}},"6":{"start":{"line":67,"column":8},"end":{"line":67,"column":20}},"7":{"start":{"line":71,"column":8},"end":{"line":71,"column":20}},"8":{"start":{"line":75,"column":8},"end":{"line":75,"column":49}},"9":{"start":{"line":80,"column":8},"end":{"line":80,"column":20}},"10":{"start":{"line":85,"column":8},"end":{"line":85,"column":16}},"11":{"start":{"line":90,"column":8},"end":{"line":90,"column":56}},"12":{"start":{"line":96,"column":8},"end":{"line":96,"column":85}},"13":{"start":{"line":101,"column":8},"end":{"line":101,"column":54}},"14":{"start":{"line":133,"column":8},"end":{"line":133,"column":16}},"15":{"start":{"line":152,"column":8},"end":{"line":152,"column":45}},"16":{"start":{"line":153,"column":8},"end":{"line":153,"column":30}},"17":{"start":{"line":160,"column":8},"end":{"line":160,"column":66}},"18":{"start":{"line":171,"column":8},"end":{"line":171,"column":19}}},"branchMap":{}},"contracts\\mocks\\RariVault.sol":{"l":{"12":1356,"21":399,"25":400,"32":45},"path":"C:\\Users\\Ryan\\Documents\\Revest\\Resonate\\hardhat\\contracts\\mocks\\RariVault.sol","s":{"1":1356,"2":399,"3":400,"4":45},"b":{},"f":{"1":12,"2":1356,"3":399,"4":400,"5":45},"fnMap":{"1":{"name":"constructor","line":9,"loc":{"start":{"line":7,"column":4},"end":{"line":9,"column":42}}},"2":{"name":"totalAssets","line":11,"loc":{"start":{"line":11,"column":4},"end":{"line":13,"column":4}}},"3":{"name":"withdraw","line":15,"loc":{"start":{"line":15,"column":4},"end":{"line":22,"column":4}}},"4":{"name":"_burn","line":24,"loc":{"start":{"line":24,"column":4},"end":{"line":26,"column":4}}},"5":{"name":"deposit","line":28,"loc":{"start":{"line":28,"column":4},"end":{"line":33,"column":4}}}},"statementMap":{"1":{"start":{"line":12,"column":8},"end":{"line":12,"column":45}},"2":{"start":{"line":21,"column":8},"end":{"line":21,"column":46}},"3":{"start":{"line":25,"column":8},"end":{"line":25,"column":32}},"4":{"start":{"line":32,"column":8},"end":{"line":32,"column":38}}},"branchMap":{}},"contracts\\OutputReceiverProxy.sol":{"l":{"30":3,"31":3,"32":3,"41":532,"42":532,"44":532,"60":0,"61":0,"76":3225,"83":0,"106":0,"111":1},"path":"C:\\Users\\Ryan\\Documents\\Revest\\Resonate\\hardhat\\contracts\\OutputReceiverProxy.sol","s":{"1":3,"2":3,"3":3,"4":532,"5":532,"6":532,"7":0,"8":0,"9":3225,"10":0,"11":0,"12":1},"b":{"1":[532,0],"2":[0,0]},"f":{"1":3,"2":532,"3":0,"4":0,"5":0,"6":0,"7":0,"8":0,"9":3225,"10":0,"11":0,"12":1,"13":0,"14":0,"15":0,"16":1},"fnMap":{"1":{"name":"constructor","line":29,"loc":{"start":{"line":29,"column":4},"end":{"line":33,"column":4}}},"2":{"name":"receiveRevestOutput","line":35,"loc":{"start":{"line":35,"column":4},"end":{"line":45,"column":4}}},"3":{"name":"receiveSecondaryCallback","line":47,"loc":{"start":{"line":47,"column":4},"end":{"line":53,"column":33}}},"4":{"name":"triggerOutputReceiverUpdate","line":56,"loc":{"start":{"line":56,"column":4},"end":{"line":62,"column":4}}},"5":{"name":"handleFNFTRemaps","line":65,"loc":{"start":{"line":65,"column":4},"end":{"line":65,"column":109}}},"6":{"name":"handleTimelockExtensions","line":67,"loc":{"start":{"line":67,"column":4},"end":{"line":67,"column":103}}},"7":{"name":"handleAdditionalDeposit","line":68,"loc":{"start":{"line":68,"column":4},"end":{"line":68,"column":122}}},"8":{"name":"handleSplitOperation","line":69,"loc":{"start":{"line":69,"column":4},"end":{"line":69,"column":124}}},"9":{"name":"supportsInterface","line":75,"loc":{"start":{"line":75,"column":4},"end":{"line":80,"column":4}}},"10":{"name":"getAddressRegistry","line":82,"loc":{"start":{"line":82,"column":4},"end":{"line":84,"column":4}}},"11":{"name":"getCustomMetadata","line":86,"loc":{"start":{"line":86,"column":4},"end":{"line":88,"column":4}}},"12":{"name":"getValue","line":90,"loc":{"start":{"line":90,"column":4},"end":{"line":92,"column":4}}},"13":{"name":"getAsset","line":94,"loc":{"start":{"line":94,"column":4},"end":{"line":96,"column":4}}},"14":{"name":"getOutputDisplayValues","line":98,"loc":{"start":{"line":98,"column":4},"end":{"line":100,"column":4}}},"15":{"name":"setAddressRegistry","line":105,"loc":{"start":{"line":105,"column":4},"end":{"line":107,"column":4}}},"16":{"name":"setResonate","line":110,"loc":{"start":{"line":110,"column":4},"end":{"line":112,"column":4}}}},"statementMap":{"1":{"start":{"line":30,"column":8},"end":{"line":30,"column":41}},"2":{"start":{"line":31,"column":8},"end":{"line":31,"column":71}},"3":{"start":{"line":32,"column":8},"end":{"line":32,"column":85}},"4":{"start":{"line":41,"column":8},"end":{"line":41,"column":73}},"5":{"start":{"line":42,"column":8},"end":{"line":42,"column":44}},"6":{"start":{"line":44,"column":8},"end":{"line":44,"column":79}},"7":{"start":{"line":60,"column":8},"end":{"line":60,"column":71}},"8":{"start":{"line":61,"column":8},"end":{"line":61,"column":61}},"9":{"start":{"line":76,"column":8},"end":{"line":76,"column":2748}},"10":{"start":{"line":83,"column":8},"end":{"line":83,"column":30}},"11":{"start":{"line":106,"column":8},"end":{"line":106,"column":41}},"12":{"start":{"line":111,"column":8},"end":{"line":111,"column":27}}},"branchMap":{"1":{"line":42,"type":"if","locations":[{"start":{"line":42,"column":8},"end":{"line":42,"column":8}},{"start":{"line":42,"column":8},"end":{"line":42,"column":8}}]},"2":{"line":60,"type":"if","locations":[{"start":{"line":60,"column":8},"end":{"line":60,"column":8}},{"start":{"line":60,"column":8},"end":{"line":60,"column":8}}]}}},"contracts\\PoolSmartWallet.sol":{"l":{"22":1,"23":1,"27":82,"28":82,"32":26,"34":26,"38":3,"40":3,"52":17,"53":17,"54":17,"55":17,"56":17,"62":17,"63":0,"66":0,"79":0,"80":0,"81":0,"84":0,"86":0,"88":0,"96":36,"100":65,"104":17,"105":5},"path":"C:\\Users\\Ryan\\Documents\\Revest\\Resonate\\hardhat\\contracts\\PoolSmartWallet.sol","s":{"1":1,"2":1,"3":82,"4":26,"5":26,"6":3,"7":3,"8":17,"9":17,"10":17,"11":17,"12":17,"13":17,"14":0,"15":0,"16":0,"17":0,"18":0,"19":0,"20":0,"21":0,"22":36,"23":65,"24":17,"25":5},"b":{"1":[82,0],"2":[0,17],"3":[5,12]},"f":{"1":1,"2":82,"3":26,"4":3,"5":17,"6":0,"7":36,"8":65,"9":17},"fnMap":{"1":{"name":"constructor","line":21,"loc":{"start":{"line":21,"column":4},"end":{"line":24,"column":4}}},"2":{"name":"onlyMaster","line":26,"loc":{"start":{"line":26,"column":4},"end":{"line":29,"column":4}}},"3":{"name":"withdraw","line":31,"loc":{"start":{"line":31,"column":4},"end":{"line":35,"column":4}}},"4":{"name":"withdrawFromVault","line":37,"loc":{"start":{"line":37,"column":4},"end":{"line":41,"column":4}}},"5":{"name":"activateExistingConsumerPosition","line":50,"loc":{"start":{"line":43,"column":4},"end":{"line":69,"column":4}}},"6":{"name":"activateExistingProducerPosition","line":78,"loc":{"start":{"line":71,"column":4},"end":{"line":89,"column":4}}},"7":{"name":"cleanMemory","line":95,"loc":{"start":{"line":95,"column":4},"end":{"line":97,"column":4}}},"8":{"name":"_cleanMemory","line":99,"loc":{"start":{"line":99,"column":4},"end":{"line":101,"column":4}}},"9":{"name":"_checkApproval","line":103,"loc":{"start":{"line":103,"column":4},"end":{"line":107,"column":4}}}},"statementMap":{"1":{"start":{"line":22,"column":8},"end":{"line":22,"column":26}},"2":{"start":{"line":23,"column":8},"end":{"line":23,"column":27}},"3":{"start":{"line":27,"column":8},"end":{"line":27,"column":70}},"4":{"start":{"line":32,"column":8},"end":{"line":32,"column":51}},"5":{"start":{"line":34,"column":8},"end":{"line":34,"column":21}},"6":{"start":{"line":38,"column":8},"end":{"line":38,"column":64}},"7":{"start":{"line":40,"column":8},"end":{"line":40,"column":21}},"8":{"start":{"line":52,"column":8},"end":{"line":52,"column":65}},"9":{"start":{"line":53,"column":8},"end":{"line":53,"column":47}},"10":{"start":{"line":54,"column":8},"end":{"line":54,"column":44}},"11":{"start":{"line":55,"column":8},"end":{"line":55,"column":77}},"12":{"start":{"line":56,"column":8},"end":{"line":56,"column":74}},"13":{"start":{"line":62,"column":8},"end":{"line":62,"column":2039}},"14":{"start":{"line":63,"column":12},"end":{"line":63,"column":65}},"15":{"start":{"line":66,"column":12},"end":{"line":66,"column":50}},"16":{"start":{"line":79,"column":8},"end":{"line":79,"column":65}},"17":{"start":{"line":80,"column":8},"end":{"line":80,"column":47}},"18":{"start":{"line":81,"column":8},"end":{"line":81,"column":44}},"19":{"start":{"line":84,"column":8},"end":{"line":84,"column":80}},"20":{"start":{"line":86,"column":8},"end":{"line":86,"column":53}},"21":{"start":{"line":88,"column":8},"end":{"line":88,"column":46}},"22":{"start":{"line":96,"column":8},"end":{"line":96,"column":21}},"23":{"start":{"line":100,"column":8},"end":{"line":100,"column":36}},"24":{"start":{"line":104,"column":8},"end":{"line":104,"column":3444}},"25":{"start":{"line":105,"column":12},"end":{"line":105,"column":67}}},"branchMap":{"1":{"line":27,"type":"if","locations":[{"start":{"line":27,"column":8},"end":{"line":27,"column":8}},{"start":{"line":27,"column":8},"end":{"line":27,"column":8}}]},"2":{"line":62,"type":"if","locations":[{"start":{"line":62,"column":8},"end":{"line":62,"column":8}},{"start":{"line":62,"column":8},"end":{"line":62,"column":8}}]},"3":{"line":104,"type":"if","locations":[{"start":{"line":104,"column":8},"end":{"line":104,"column":8}},{"start":{"line":104,"column":8},"end":{"line":104,"column":8}}]}}},"contracts\\RebondingLocker.sol":{"l":{"49":0,"53":0,"67":0,"73":0,"96":0,"139":0,"147":0,"151":0,"152":0,"156":0,"157":0,"169":0,"170":0,"172":0,"174":0,"175":0,"176":0,"177":0,"178":0,"179":0,"182":0,"184":0,"194":0,"195":0,"199":0,"209":0},"path":"C:\\Users\\Ryan\\Documents\\Revest\\Resonate\\hardhat\\contracts\\RebondingLocker.sol","s":{"1":0,"2":0,"3":0,"4":0,"5":0,"6":0,"7":0,"8":0,"9":0,"10":0,"11":0,"12":0,"13":0,"14":0,"15":0,"16":0,"17":0,"18":0,"19":0,"20":0,"21":0,"22":0,"23":0,"24":0,"25":0,"26":0},"b":{"1":[0,0],"2":[0,0],"3":[0,0],"4":[0,0]},"f":{"1":0,"2":0,"3":0,"4":0,"5":0,"6":0,"7":0,"8":0,"9":0,"10":0,"11":0,"12":0,"13":0,"14":0,"15":0,"16":0,"17":0,"18":0,"19":0,"20":0,"21":0,"22":0,"23":0,"24":0,"25":0},"fnMap":{"1":{"name":"constructor","line":48,"loc":{"start":{"line":48,"column":4},"end":{"line":50,"column":4}}},"2":{"name":"supportsInterface","line":52,"loc":{"start":{"line":52,"column":4},"end":{"line":60,"column":4}}},"3":{"name":"lockTokens","line":66,"loc":{"start":{"line":66,"column":4},"end":{"line":76,"column":4}}},"4":{"name":"createLock","line":84,"loc":{"start":{"line":84,"column":4},"end":{"line":84,"column":86}}},"5":{"name":"updateLock","line":87,"loc":{"start":{"line":87,"column":4},"end":{"line":93,"column":4}}},"6":{"name":"setMetadata","line":95,"loc":{"start":{"line":95,"column":4},"end":{"line":97,"column":4}}},"7":{"name":"receiveRevestOutput","line":103,"loc":{"start":{"line":103,"column":4},"end":{"line":110,"column":4}}},"8":{"name":"handleTimelockExtensions","line":112,"loc":{"start":{"line":112,"column":4},"end":{"line":112,"column":103}}},"9":{"name":"handleAdditionalDeposit","line":114,"loc":{"start":{"line":114,"column":4},"end":{"line":116,"column":4}}},"10":{"name":"handleSplitOperation","line":118,"loc":{"start":{"line":118,"column":4},"end":{"line":118,"column":124}}},"11":{"name":"receiveSecondaryCallback","line":120,"loc":{"start":{"line":120,"column":4},"end":{"line":126,"column":33}}},"12":{"name":"triggerOutputReceiverUpdate","line":130,"loc":{"start":{"line":130,"column":4},"end":{"line":135,"column":4}}},"13":{"name":"handleFNFTRemaps","line":138,"loc":{"start":{"line":138,"column":4},"end":{"line":140,"column":4}}},"14":{"name":"beginUnbonding","line":146,"loc":{"start":{"line":146,"column":4},"end":{"line":148,"column":4}}},"15":{"name":"cancelUnbonding","line":150,"loc":{"start":{"line":150,"column":4},"end":{"line":153,"column":4}}},"16":{"name":"updateLastMul","line":155,"loc":{"start":{"line":155,"column":4},"end":{"line":158,"column":4}}},"17":{"name":"getAllocationMul","line":168,"loc":{"start":{"line":168,"column":4},"end":{"line":187,"column":4}}},"18":{"name":"isUnlockable","line":193,"loc":{"start":{"line":193,"column":4},"end":{"line":196,"column":4}}},"19":{"name":"getMetadata","line":198,"loc":{"start":{"line":198,"column":4},"end":{"line":200,"column":4}}},"20":{"name":"getDisplayValues","line":204,"loc":{"start":{"line":204,"column":4},"end":{"line":206,"column":4}}},"21":{"name":"needsUpdate","line":208,"loc":{"start":{"line":208,"column":4},"end":{"line":210,"column":4}}},"22":{"name":"getCustomMetadata","line":216,"loc":{"start":{"line":216,"column":4},"end":{"line":218,"column":4}}},"23":{"name":"getOutputDisplayValues","line":220,"loc":{"start":{"line":220,"column":4},"end":{"line":222,"column":4}}},"24":{"name":"getValue","line":224,"loc":{"start":{"line":224,"column":4},"end":{"line":228,"column":4}}},"25":{"name":"getAsset","line":230,"loc":{"start":{"line":230,"column":4},"end":{"line":232,"column":4}}}},"statementMap":{"1":{"start":{"line":49,"column":8},"end":{"line":49,"column":21}},"2":{"start":{"line":53,"column":8},"end":{"line":53,"column":1795}},"3":{"start":{"line":67,"column":8},"end":{"line":67,"column":81}},"4":{"start":{"line":73,"column":8},"end":{"line":73,"column":78}},"5":{"start":{"line":96,"column":8},"end":{"line":96,"column":33}},"6":{"start":{"line":139,"column":8},"end":{"line":139,"column":15}},"7":{"start":{"line":147,"column":8},"end":{"line":147,"column":61}},"8":{"start":{"line":151,"column":8},"end":{"line":151,"column":39}},"9":{"start":{"line":152,"column":8},"end":{"line":152,"column":53}},"10":{"start":{"line":156,"column":8},"end":{"line":156,"column":40}},"11":{"start":{"line":157,"column":8},"end":{"line":157,"column":58}},"12":{"start":{"line":169,"column":8},"end":{"line":169,"column":42}},"13":{"start":{"line":170,"column":8},"end":{"line":170,"column":5552}},"14":{"start":{"line":172,"column":12},"end":{"line":172,"column":87}},"15":{"start":{"line":174,"column":12},"end":{"line":174,"column":67}},"16":{"start":{"line":175,"column":12},"end":{"line":175,"column":5822}},"17":{"start":{"line":176,"column":16},"end":{"line":176,"column":98}},"18":{"start":{"line":177,"column":16},"end":{"line":177,"column":99}},"19":{"start":{"line":178,"column":16},"end":{"line":178,"column":6077}},"20":{"start":{"line":179,"column":19},"end":{"line":179,"column":62}},"21":{"start":{"line":182,"column":16},"end":{"line":182,"column":53}},"22":{"start":{"line":184,"column":16},"end":{"line":184,"column":177}},"23":{"start":{"line":194,"column":8},"end":{"line":194,"column":42}},"24":{"start":{"line":195,"column":8},"end":{"line":195,"column":72}},"25":{"start":{"line":199,"column":8},"end":{"line":199,"column":26}},"26":{"start":{"line":209,"column":8},"end":{"line":209,"column":19}}},"branchMap":{"1":{"line":67,"type":"if","locations":[{"start":{"line":67,"column":8},"end":{"line":67,"column":8}},{"start":{"line":67,"column":8},"end":{"line":67,"column":8}}]},"2":{"line":170,"type":"if","locations":[{"start":{"line":170,"column":8},"end":{"line":170,"column":8}},{"start":{"line":170,"column":8},"end":{"line":170,"column":8}}]},"3":{"line":175,"type":"if","locations":[{"start":{"line":175,"column":12},"end":{"line":175,"column":12}},{"start":{"line":175,"column":12},"end":{"line":175,"column":12}}]},"4":{"line":178,"type":"if","locations":[{"start":{"line":178,"column":16},"end":{"line":178,"column":16}},{"start":{"line":178,"column":16},"end":{"line":178,"column":16}}]}}},"contracts\\Resonate.sol":{"l":{"108":3,"110":3,"111":3,"112":3,"113":3,"115":3,"116":3,"123":8,"124":8,"142":20,"143":20,"144":20,"145":20,"146":20,"152":38,"153":38,"154":38,"156":38,"157":38,"158":38,"159":38,"160":38,"161":38,"162":38,"163":38,"165":38,"167":38,"168":21,"169":21,"170":21,"171":7,"173":21,"175":23,"176":23,"177":7,"178":7,"179":2,"180":2,"181":2,"183":1,"190":1,"194":1,"203":2,"206":0,"207":0,"208":0,"209":0,"212":2,"213":2,"214":2,"218":23,"222":0,"224":23,"225":23,"226":23,"227":23,"228":23,"231":23,"233":23,"234":23,"236":23,"239":23,"240":21,"244":23,"246":21,"250":38,"252":20,"258":34,"259":34,"261":34,"263":34,"264":34,"265":34,"266":34,"267":34,"269":34,"270":34,"271":34,"272":34,"273":26,"274":26,"276":26,"278":8,"279":8,"280":8,"281":8,"282":8,"286":34,"290":34,"291":15,"292":15,"294":17,"297":17,"300":0,"303":17,"304":17,"305":17,"306":17,"307":17,"309":17,"311":17,"312":17,"315":17,"318":17,"319":17,"323":17,"326":15,"330":34,"333":23,"344":4,"345":4,"348":4,"349":4,"350":4,"351":2,"353":2,"355":2,"356":2,"358":0,"361":2,"363":4,"365":0,"366":0,"368":0,"370":0,"373":4,"374":4,"376":4,"379":3,"382":1,"389":4,"390":4,"391":4,"392":4,"393":4,"394":4,"395":4,"397":4,"398":4,"399":4,"400":4,"402":0,"407":4,"409":4,"410":4,"412":4,"414":4,"415":4,"428":532,"429":532,"430":532,"431":532,"433":532,"434":532,"436":532,"440":280,"441":280,"443":280,"444":280,"446":84,"449":196,"453":280,"462":249,"466":252,"468":252,"469":252,"471":112,"472":112,"473":112,"474":112,"476":0,"480":252,"483":252,"485":252,"494":237,"495":237,"496":236,"498":229,"499":225,"504":468,"505":467,"506":375,"508":463,"509":290,"511":432,"512":199,"513":195,"514":194,"515":191,"543":40,"544":40,"550":40,"551":16,"556":40,"557":40,"565":40,"567":17,"568":17,"570":17,"573":17,"575":17,"577":17,"579":17,"587":17,"593":23,"596":23,"599":23,"601":23,"604":23,"606":0,"608":0,"619":0,"621":0,"624":23,"627":40,"640":40,"646":40,"648":40,"652":40,"653":40,"658":40,"660":40,"662":40,"664":20,"667":20,"674":40,"675":40,"676":40,"678":40,"680":20,"683":20,"686":40,"689":40,"691":40,"693":40,"694":40,"697":40,"698":40,"703":18,"704":18,"705":18,"706":18,"707":18,"709":0,"711":18,"712":18,"714":0,"716":18,"719":10,"723":8,"726":18,"733":43,"736":21,"737":21,"741":22,"744":43,"746":43,"747":43,"748":23,"749":23,"751":20,"752":20,"759":38,"760":38,"761":38,"763":21,"764":21,"768":17,"769":17,"776":40,"777":23,"779":17,"793":20,"794":20,"795":20,"796":20,"800":40,"804":536,"809":5,"810":4,"811":4,"821":5,"822":5,"823":5,"824":5,"826":0,"832":3,"833":3,"837":0,"838":0,"839":0,"847":112,"848":112,"852":78,"853":78,"854":78,"855":78,"856":78,"858":78,"859":3,"862":78,"866":491,"867":491,"868":111,"870":380,"885":20,"889":80,"893":83,"897":40,"902":244,"903":244,"904":244,"905":244,"906":244,"907":244,"908":244,"909":244,"910":244},"path":"C:\\Users\\Ryan\\Documents\\Revest\\Resonate\\hardhat\\contracts\\Resonate.sol","s":{"1":3,"2":3,"3":3,"4":3,"5":3,"6":3,"7":3,"8":8,"9":20,"10":20,"11":20,"12":20,"13":20,"14":38,"15":38,"16":38,"17":38,"18":38,"19":38,"20":38,"21":38,"22":38,"23":38,"24":38,"25":38,"26":21,"27":21,"28":21,"29":7,"30":21,"31":23,"32":23,"33":7,"34":7,"35":2,"36":2,"37":2,"38":1,"39":1,"40":1,"41":2,"42":0,"43":0,"44":0,"45":2,"46":2,"47":2,"48":23,"49":0,"50":23,"51":23,"52":23,"53":23,"54":23,"55":23,"56":23,"57":23,"58":23,"59":21,"60":23,"61":21,"62":38,"63":20,"64":34,"65":34,"66":34,"67":34,"68":34,"69":34,"70":34,"71":34,"72":34,"73":34,"74":34,"75":26,"76":26,"77":26,"78":8,"79":8,"80":8,"81":8,"82":8,"83":34,"84":34,"85":15,"86":15,"87":17,"88":17,"89":0,"90":17,"91":17,"92":17,"93":17,"94":17,"95":17,"96":17,"97":17,"98":17,"99":17,"100":17,"101":15,"102":34,"103":23,"104":4,"105":4,"106":4,"107":4,"108":4,"109":2,"110":0,"111":2,"112":0,"113":4,"114":0,"115":0,"116":0,"117":0,"118":4,"119":4,"120":4,"121":3,"122":1,"123":4,"124":4,"125":4,"126":4,"127":4,"128":4,"129":4,"130":4,"131":4,"132":4,"133":4,"134":0,"135":4,"136":4,"137":4,"138":4,"139":4,"140":4,"141":532,"142":532,"143":532,"144":532,"145":532,"146":532,"147":532,"148":280,"149":280,"150":280,"151":84,"152":196,"153":280,"154":249,"155":252,"156":252,"157":252,"158":112,"159":112,"160":112,"161":112,"162":0,"163":252,"164":252,"165":252,"166":237,"167":237,"168":236,"169":229,"170":225,"171":468,"172":467,"173":463,"174":432,"175":199,"176":195,"177":194,"178":191,"179":40,"180":40,"181":40,"182":16,"183":40,"184":40,"185":40,"186":17,"187":17,"188":17,"189":17,"190":17,"191":17,"192":23,"193":23,"194":23,"195":23,"196":23,"197":0,"198":0,"199":0,"200":0,"201":23,"202":40,"203":40,"204":40,"205":40,"206":40,"207":40,"208":40,"209":40,"210":40,"211":20,"212":20,"213":40,"214":40,"215":40,"216":40,"217":20,"218":20,"219":40,"220":40,"221":40,"222":40,"223":40,"224":40,"225":18,"226":18,"227":18,"228":18,"229":18,"230":0,"231":18,"232":18,"233":0,"234":18,"235":10,"236":8,"237":18,"238":43,"239":21,"240":21,"241":22,"242":43,"243":43,"244":23,"245":23,"246":20,"247":20,"248":38,"249":38,"250":21,"251":17,"252":40,"253":23,"254":17,"255":20,"256":20,"257":20,"258":20,"259":40,"260":536,"261":5,"262":4,"263":4,"264":5,"265":5,"266":5,"267":5,"268":0,"269":3,"270":3,"271":0,"272":0,"273":0,"274":112,"275":112,"276":78,"277":78,"278":78,"279":78,"280":78,"281":78,"282":3,"283":78,"284":491,"285":491,"286":111,"287":380,"288":20,"289":80,"290":83,"291":40,"292":244,"293":244,"294":244,"295":244,"296":244,"297":244,"298":244,"299":244,"300":244},"b":{"1":[8,0],"2":[20,0],"3":[20,0],"4":[20,0],"5":[38,0],"6":[38,0],"7":[21,17],"8":[7,14],"9":[7,16],"10":[2,5],"11":[1,1],"12":[0,2],"13":[0,23],"14":[21,2],"15":[20,18],"16":[34,0],"17":[26,8],"18":[26,0],"19":[8,0],"20":[15,19],"21":[0,17],"22":[17,0],"23":[23,11],"24":[4,0],"25":[4,0],"26":[2,2],"27":[2,0],"28":[0,0],"29":[2,0],"30":[0,0],"31":[0,0],"32":[3,1],"33":[4,0],"34":[4,0],"35":[4,0],"36":[4,0],"37":[532,0],"38":[280,252],"39":[84,196],"40":[252,0],"41":[112,140],"42":[112,0],"43":[375,92],"44":[290,160],"45":[199,210],"46":[16,24],"47":[17,23],"48":[0,23],"49":[20,20],"50":[20,20],"51":[10,8],"52":[21,22],"53":[23,20],"54":[21,17],"55":[23,17],"56":[20,0],"57":[4,1],"58":[5,0],"59":[3,75],"60":[111,380]},"f":{"1":3,"2":8,"3":20,"4":38,"5":34,"6":4,"7":4,"8":532,"9":40,"10":40,"11":18,"12":43,"13":38,"14":40,"15":20,"16":40,"17":536,"18":5,"19":5,"20":3,"21":0,"22":112,"23":78,"24":491,"25":20,"26":80,"27":83,"28":40,"29":244},"fnMap":{"1":{"name":"constructor","line":107,"loc":{"start":{"line":107,"column":4},"end":{"line":117,"column":4}}},"2":{"name":"onlyOwner","line":122,"loc":{"start":{"line":122,"column":4},"end":{"line":125,"column":4}}},"3":{"name":"createPool","line":133,"loc":{"start":{"line":133,"column":4},"end":{"line":147,"column":4}}},"4":{"name":"submitConsumer","line":150,"loc":{"start":{"line":150,"column":4},"end":{"line":254,"column":4}}},"5":{"name":"submitProducer","line":256,"loc":{"start":{"line":256,"column":4},"end":{"line":335,"column":4}}},"6":{"name":"modifyExistingOrder","line":338,"loc":{"start":{"line":338,"column":4},"end":{"line":385,"column":4}}},"7":{"name":"claimInterest","line":388,"loc":{"start":{"line":388,"column":4},"end":{"line":416,"column":4}}},"8":{"name":"receiveRevestOutput","line":422,"loc":{"start":{"line":422,"column":4},"end":{"line":517,"column":4}}},"9":{"name":"activateCapital","line":539,"loc":{"start":{"line":539,"column":4},"end":{"line":628,"column":4}}},"10":{"name":"createFNFTs","line":632,"loc":{"start":{"line":632,"column":4},"end":{"line":699,"column":4}}},"11":{"name":"getAmountPaymentAsset","line":701,"loc":{"start":{"line":701,"column":4},"end":{"line":727,"column":4}}},"12":{"name":"enqueue","line":731,"loc":{"start":{"line":731,"column":4},"end":{"line":755,"column":4}}},"13":{"name":"dequeue","line":758,"loc":{"start":{"line":758,"column":4},"end":{"line":772,"column":4}}},"14":{"name":"peek","line":775,"loc":{"start":{"line":775,"column":4},"end":{"line":781,"column":4}}},"15":{"name":"initPool","line":785,"loc":{"start":{"line":785,"column":4},"end":{"line":797,"column":4}}},"16":{"name":"getWalletForPool","line":799,"loc":{"start":{"line":799,"column":4},"end":{"line":801,"column":4}}},"17":{"name":"getWalletForFNFT","line":803,"loc":{"start":{"line":803,"column":4},"end":{"line":805,"column":4}}},"18":{"name":"_checkApproval","line":807,"loc":{"start":{"line":807,"column":4},"end":{"line":813,"column":4}}},"19":{"name":"modifyVaultAdapter","line":820,"loc":{"start":{"line":820,"column":4},"end":{"line":829,"column":4}}},"20":{"name":"registerOracle","line":831,"loc":{"start":{"line":831,"column":4},"end":{"line":834,"column":4}}},"21":{"name":"transferOwnership","line":836,"loc":{"start":{"line":836,"column":4},"end":{"line":840,"column":4}}},"22":{"name":"isQueueEmpty","line":846,"loc":{"start":{"line":846,"column":4},"end":{"line":849,"column":4}}},"23":{"name":"calculateInterest","line":851,"loc":{"start":{"line":851,"column":4},"end":{"line":863,"column":4}}},"24":{"name":"interestShortcut","line":865,"loc":{"start":{"line":865,"column":4},"end":{"line":872,"column":4}}},"25":{"name":"getPoolId","line":877,"loc":{"start":{"line":877,"column":4},"end":{"line":886,"column":4}}},"26":{"name":"getRevest","line":888,"loc":{"start":{"line":888,"column":4},"end":{"line":890,"column":4}}},"27":{"name":"getAddressForPool","line":892,"loc":{"start":{"line":892,"column":4},"end":{"line":894,"column":4}}},"28":{"name":"getAddressForFNFT","line":896,"loc":{"start":{"line":896,"column":4},"end":{"line":898,"column":4}}},"29":{"name":"getPositionInfo","line":901,"loc":{"start":{"line":901,"column":4},"end":{"line":911,"column":4}}}},"statementMap":{"1":{"start":{"line":108,"column":8},"end":{"line":108,"column":31}},"2":{"start":{"line":110,"column":8},"end":{"line":110,"column":51}},"3":{"start":{"line":111,"column":8},"end":{"line":111,"column":45}},"4":{"start":{"line":112,"column":8},"end":{"line":112,"column":45}},"5":{"start":{"line":113,"column":8},"end":{"line":113,"column":75}},"6":{"start":{"line":115,"column":8},"end":{"line":115,"column":25}},"7":{"start":{"line":116,"column":8},"end":{"line":116,"column":57}},"8":{"start":{"line":123,"column":8},"end":{"line":123,"column":71}},"9":{"start":{"line":142,"column":8},"end":{"line":142,"column":59}},"10":{"start":{"line":143,"column":8},"end":{"line":143,"column":39}},"11":{"start":{"line":144,"column":8},"end":{"line":144,"column":121}},"12":{"start":{"line":145,"column":8},"end":{"line":145,"column":86}},"13":{"start":{"line":146,"column":8},"end":{"line":146,"column":145}},"14":{"start":{"line":152,"column":8},"end":{"line":152,"column":46}},"15":{"start":{"line":153,"column":8},"end":{"line":153,"column":35}},"16":{"start":{"line":154,"column":8},"end":{"line":154,"column":54}},"17":{"start":{"line":156,"column":8},"end":{"line":156,"column":58}},"18":{"start":{"line":157,"column":8},"end":{"line":157,"column":26}},"19":{"start":{"line":158,"column":8},"end":{"line":158,"column":51}},"20":{"start":{"line":159,"column":8},"end":{"line":159,"column":28}},"21":{"start":{"line":161,"column":12},"end":{"line":161,"column":46}},"22":{"start":{"line":162,"column":12},"end":{"line":162,"column":37}},"23":{"start":{"line":163,"column":12},"end":{"line":163,"column":66}},"24":{"start":{"line":165,"column":8},"end":{"line":165,"column":115}},"25":{"start":{"line":167,"column":8},"end":{"line":167,"column":5851}},"26":{"start":{"line":168,"column":12},"end":{"line":168,"column":61}},"27":{"start":{"line":169,"column":12},"end":{"line":169,"column":32}},"28":{"start":{"line":170,"column":12},"end":{"line":170,"column":6016}},"29":{"start":{"line":171,"column":16},"end":{"line":171,"column":134}},"30":{"start":{"line":173,"column":12},"end":{"line":173,"column":6214}},"31":{"start":{"line":175,"column":16},"end":{"line":175,"column":64}},"32":{"start":{"line":176,"column":16},"end":{"line":176,"column":6500}},"33":{"start":{"line":177,"column":20},"end":{"line":177,"column":73}},"34":{"start":{"line":178,"column":20},"end":{"line":178,"column":6632}},"35":{"start":{"line":179,"column":24},"end":{"line":179,"column":114}},"36":{"start":{"line":180,"column":24},"end":{"line":180,"column":43}},"37":{"start":{"line":181,"column":24},"end":{"line":181,"column":6906}},"38":{"start":{"line":183,"column":28},"end":{"line":183,"column":7053}},"39":{"start":{"line":190,"column":28},"end":{"line":190,"column":75}},"40":{"start":{"line":194,"column":28},"end":{"line":194,"column":7678}},"41":{"start":{"line":203,"column":24},"end":{"line":203,"column":8160}},"42":{"start":{"line":206,"column":28},"end":{"line":206,"column":48}},"43":{"start":{"line":207,"column":28},"end":{"line":207,"column":103}},"44":{"start":{"line":208,"column":28},"end":{"line":208,"column":72}},"45":{"start":{"line":212,"column":24},"end":{"line":212,"column":70}},"46":{"start":{"line":213,"column":24},"end":{"line":213,"column":71}},"47":{"start":{"line":214,"column":24},"end":{"line":214,"column":79}},"48":{"start":{"line":218,"column":16},"end":{"line":218,"column":9040}},"49":{"start":{"line":222,"column":20},"end":{"line":222,"column":40}},"50":{"start":{"line":224,"column":20},"end":{"line":224,"column":34}},"51":{"start":{"line":226,"column":24},"end":{"line":226,"column":73}},"52":{"start":{"line":227,"column":24},"end":{"line":227,"column":73}},"53":{"start":{"line":228,"column":24},"end":{"line":228,"column":89}},"54":{"start":{"line":231,"column":20},"end":{"line":231,"column":192}},"55":{"start":{"line":233,"column":20},"end":{"line":233,"column":62}},"56":{"start":{"line":234,"column":20},"end":{"line":234,"column":62}},"57":{"start":{"line":236,"column":20},"end":{"line":236,"column":58}},"58":{"start":{"line":239,"column":20},"end":{"line":239,"column":10380}},"59":{"start":{"line":240,"column":24},"end":{"line":240,"column":44}},"60":{"start":{"line":244,"column":16},"end":{"line":244,"column":60}},"61":{"start":{"line":246,"column":12},"end":{"line":246,"column":31}},"62":{"start":{"line":250,"column":8},"end":{"line":250,"column":10692}},"63":{"start":{"line":252,"column":12},"end":{"line":252,"column":83}},"64":{"start":{"line":258,"column":8},"end":{"line":258,"column":46}},"65":{"start":{"line":259,"column":8},"end":{"line":259,"column":35}},"66":{"start":{"line":261,"column":8},"end":{"line":261,"column":34}},"67":{"start":{"line":263,"column":8},"end":{"line":263,"column":59}},"68":{"start":{"line":264,"column":8},"end":{"line":264,"column":26}},"69":{"start":{"line":265,"column":8},"end":{"line":265,"column":51}},"70":{"start":{"line":266,"column":8},"end":{"line":266,"column":27}},"71":{"start":{"line":267,"column":8},"end":{"line":267,"column":28}},"72":{"start":{"line":270,"column":12},"end":{"line":270,"column":46}},"73":{"start":{"line":271,"column":12},"end":{"line":271,"column":37}},"74":{"start":{"line":272,"column":12},"end":{"line":272,"column":11594}},"75":{"start":{"line":273,"column":16},"end":{"line":273,"column":87}},"76":{"start":{"line":274,"column":16},"end":{"line":274,"column":71}},"77":{"start":{"line":276,"column":16},"end":{"line":276,"column":61}},"78":{"start":{"line":278,"column":16},"end":{"line":278,"column":33}},"79":{"start":{"line":279,"column":16},"end":{"line":279,"column":134}},"80":{"start":{"line":280,"column":16},"end":{"line":280,"column":133}},"81":{"start":{"line":281,"column":16},"end":{"line":281,"column":64}},"82":{"start":{"line":282,"column":16},"end":{"line":282,"column":43}},"83":{"start":{"line":286,"column":12},"end":{"line":286,"column":112}},"84":{"start":{"line":290,"column":8},"end":{"line":290,"column":12869}},"85":{"start":{"line":291,"column":12},"end":{"line":291,"column":61}},"86":{"start":{"line":292,"column":12},"end":{"line":292,"column":12973}},"87":{"start":{"line":294,"column":16},"end":{"line":294,"column":65}},"88":{"start":{"line":297,"column":16},"end":{"line":297,"column":13314}},"89":{"start":{"line":300,"column":20},"end":{"line":300,"column":41}},"90":{"start":{"line":303,"column":20},"end":{"line":303,"column":34}},"91":{"start":{"line":305,"column":24},"end":{"line":305,"column":73}},"92":{"start":{"line":306,"column":24},"end":{"line":306,"column":73}},"93":{"start":{"line":307,"column":24},"end":{"line":307,"column":89}},"94":{"start":{"line":309,"column":20},"end":{"line":309,"column":191}},"95":{"start":{"line":311,"column":20},"end":{"line":311,"column":62}},"96":{"start":{"line":312,"column":20},"end":{"line":312,"column":62}},"97":{"start":{"line":315,"column":20},"end":{"line":315,"column":57}},"98":{"start":{"line":318,"column":20},"end":{"line":318,"column":14493}},"99":{"start":{"line":319,"column":24},"end":{"line":319,"column":45}},"100":{"start":{"line":323,"column":16},"end":{"line":323,"column":61}},"101":{"start":{"line":326,"column":12},"end":{"line":326,"column":31}},"102":{"start":{"line":330,"column":8},"end":{"line":330,"column":14860}},"103":{"start":{"line":333,"column":12},"end":{"line":333,"column":88}},"104":{"start":{"line":344,"column":8},"end":{"line":344,"column":107}},"105":{"start":{"line":345,"column":8},"end":{"line":345,"column":62}},"106":{"start":{"line":348,"column":8},"end":{"line":348,"column":15891}},"107":{"start":{"line":349,"column":12},"end":{"line":349,"column":55}},"108":{"start":{"line":350,"column":12},"end":{"line":350,"column":16007}},"109":{"start":{"line":351,"column":16},"end":{"line":351,"column":16101}},"110":{"start":{"line":352,"column":21},"end":{"line":352,"column":71}},"111":{"start":{"line":355,"column":16},"end":{"line":355,"column":16268}},"112":{"start":{"line":357,"column":23},"end":{"line":357,"column":16367}},"113":{"start":{"line":363,"column":12},"end":{"line":363,"column":91}},"114":{"start":{"line":365,"column":12},"end":{"line":365,"column":16752}},"115":{"start":{"line":366,"column":16},"end":{"line":366,"column":73}},"116":{"start":{"line":368,"column":16},"end":{"line":368,"column":73}},"117":{"start":{"line":370,"column":12},"end":{"line":370,"column":92}},"118":{"start":{"line":373,"column":8},"end":{"line":373,"column":46}},"119":{"start":{"line":374,"column":8},"end":{"line":374,"column":116}},"120":{"start":{"line":376,"column":8},"end":{"line":376,"column":17269}},"121":{"start":{"line":379,"column":12},"end":{"line":379,"column":106}},"122":{"start":{"line":382,"column":12},"end":{"line":382,"column":82}},"123":{"start":{"line":389,"column":8},"end":{"line":389,"column":110}},"124":{"start":{"line":390,"column":8},"end":{"line":390,"column":63}},"125":{"start":{"line":391,"column":8},"end":{"line":391,"column":57}},"126":{"start":{"line":392,"column":8},"end":{"line":392,"column":68}},"127":{"start":{"line":393,"column":8},"end":{"line":393,"column":40}},"128":{"start":{"line":394,"column":8},"end":{"line":394,"column":53}},"129":{"start":{"line":395,"column":8},"end":{"line":395,"column":60}},"130":{"start":{"line":397,"column":8},"end":{"line":397,"column":101}},"131":{"start":{"line":398,"column":8},"end":{"line":398,"column":75}},"132":{"start":{"line":399,"column":8},"end":{"line":399,"column":18519}},"133":{"start":{"line":400,"column":12},"end":{"line":400,"column":77}},"134":{"start":{"line":402,"column":12},"end":{"line":402,"column":63}},"135":{"start":{"line":407,"column":8},"end":{"line":407,"column":122}},"136":{"start":{"line":409,"column":8},"end":{"line":409,"column":41}},"137":{"start":{"line":410,"column":8},"end":{"line":410,"column":52}},"138":{"start":{"line":412,"column":8},"end":{"line":412,"column":59}},"139":{"start":{"line":414,"column":8},"end":{"line":414,"column":46}},"140":{"start":{"line":415,"column":8},"end":{"line":415,"column":84}},"141":{"start":{"line":428,"column":8},"end":{"line":428,"column":60}},"142":{"start":{"line":429,"column":8},"end":{"line":429,"column":63}},"143":{"start":{"line":430,"column":8},"end":{"line":430,"column":53}},"144":{"start":{"line":431,"column":8},"end":{"line":431,"column":68}},"145":{"start":{"line":433,"column":8},"end":{"line":433,"column":60}},"146":{"start":{"line":434,"column":8},"end":{"line":434,"column":37}},"147":{"start":{"line":436,"column":8},"end":{"line":436,"column":19897}},"148":{"start":{"line":441,"column":16},"end":{"line":441,"column":66}},"149":{"start":{"line":443,"column":16},"end":{"line":443,"column":106}},"150":{"start":{"line":444,"column":16},"end":{"line":444,"column":20354}},"151":{"start":{"line":446,"column":20},"end":{"line":446,"column":47}},"152":{"start":{"line":449,"column":20},"end":{"line":449,"column":52}},"153":{"start":{"line":453,"column":16},"end":{"line":453,"column":20804}},"154":{"start":{"line":462,"column":12},"end":{"line":462,"column":68}},"155":{"start":{"line":466,"column":12},"end":{"line":466,"column":42}},"156":{"start":{"line":468,"column":12},"end":{"line":468,"column":25}},"157":{"start":{"line":469,"column":12},"end":{"line":469,"column":21368}},"158":{"start":{"line":471,"column":16},"end":{"line":471,"column":103}},"159":{"start":{"line":472,"column":16},"end":{"line":472,"column":83}},"160":{"start":{"line":473,"column":16},"end":{"line":473,"column":21684}},"161":{"start":{"line":474,"column":20},"end":{"line":474,"column":85}},"162":{"start":{"line":476,"column":20},"end":{"line":476,"column":71}},"163":{"start":{"line":480,"column":12},"end":{"line":480,"column":56}},"164":{"start":{"line":483,"column":12},"end":{"line":483,"column":32}},"165":{"start":{"line":485,"column":12},"end":{"line":485,"column":22225}},"166":{"start":{"line":494,"column":12},"end":{"line":494,"column":45}},"167":{"start":{"line":495,"column":12},"end":{"line":495,"column":55}},"168":{"start":{"line":496,"column":12},"end":{"line":496,"column":66}},"169":{"start":{"line":498,"column":12},"end":{"line":498,"column":62}},"170":{"start":{"line":499,"column":12},"end":{"line":499,"column":50}},"171":{"start":{"line":504,"column":8},"end":{"line":504,"column":54}},"172":{"start":{"line":505,"column":8},"end":{"line":505,"column":22995}},"173":{"start":{"line":508,"column":8},"end":{"line":508,"column":23093}},"174":{"start":{"line":511,"column":8},"end":{"line":511,"column":23227}},"175":{"start":{"line":512,"column":12},"end":{"line":512,"column":43}},"176":{"start":{"line":513,"column":12},"end":{"line":513,"column":47}},"177":{"start":{"line":514,"column":12},"end":{"line":514,"column":55}},"178":{"start":{"line":515,"column":12},"end":{"line":515,"column":38}},"179":{"start":{"line":543,"column":8},"end":{"line":543,"column":49}},"180":{"start":{"line":544,"column":8},"end":{"line":544,"column":42}},"181":{"start":{"line":550,"column":8},"end":{"line":550,"column":24903}},"182":{"start":{"line":551,"column":12},"end":{"line":551,"column":80}},"183":{"start":{"line":556,"column":8},"end":{"line":556,"column":81}},"184":{"start":{"line":557,"column":8},"end":{"line":557,"column":25387}},"185":{"start":{"line":565,"column":8},"end":{"line":565,"column":25685}},"186":{"start":{"line":568,"column":16},"end":{"line":568,"column":78}},"187":{"start":{"line":570,"column":16},"end":{"line":570,"column":102}},"188":{"start":{"line":573,"column":16},"end":{"line":573,"column":158}},"189":{"start":{"line":577,"column":16},"end":{"line":577,"column":141}},"190":{"start":{"line":579,"column":16},"end":{"line":579,"column":26639}},"191":{"start":{"line":587,"column":16},"end":{"line":587,"column":59}},"192":{"start":{"line":593,"column":12},"end":{"line":593,"column":74}},"193":{"start":{"line":596,"column":12},"end":{"line":596,"column":93}},"194":{"start":{"line":599,"column":12},"end":{"line":599,"column":154}},"195":{"start":{"line":601,"column":12},"end":{"line":601,"column":78}},"196":{"start":{"line":604,"column":12},"end":{"line":604,"column":27897}},"197":{"start":{"line":606,"column":16},"end":{"line":606,"column":201}},"198":{"start":{"line":608,"column":16},"end":{"line":608,"column":28214}},"199":{"start":{"line":619,"column":16},"end":{"line":619,"column":120}},"200":{"start":{"line":621,"column":16},"end":{"line":621,"column":59}},"201":{"start":{"line":624,"column":16},"end":{"line":624,"column":122}},"202":{"start":{"line":627,"column":8},"end":{"line":627,"column":105}},"203":{"start":{"line":640,"column":8},"end":{"line":640,"column":46}},"204":{"start":{"line":646,"column":8},"end":{"line":646,"column":44}},"205":{"start":{"line":648,"column":8},"end":{"line":648,"column":56}},"206":{"start":{"line":652,"column":8},"end":{"line":652,"column":54}},"207":{"start":{"line":653,"column":8},"end":{"line":653,"column":48}},"208":{"start":{"line":658,"column":8},"end":{"line":658,"column":38}},"209":{"start":{"line":660,"column":8},"end":{"line":660,"column":36}},"210":{"start":{"line":662,"column":8},"end":{"line":662,"column":30524}},"211":{"start":{"line":664,"column":12},"end":{"line":664,"column":112}},"212":{"start":{"line":667,"column":12},"end":{"line":667,"column":122}},"213":{"start":{"line":674,"column":8},"end":{"line":674,"column":24}},"214":{"start":{"line":675,"column":8},"end":{"line":675,"column":36}},"215":{"start":{"line":676,"column":8},"end":{"line":676,"column":23}},"216":{"start":{"line":678,"column":8},"end":{"line":678,"column":31155}},"217":{"start":{"line":680,"column":12},"end":{"line":680,"column":111}},"218":{"start":{"line":683,"column":12},"end":{"line":683,"column":121}},"219":{"start":{"line":689,"column":12},"end":{"line":689,"column":88}},"220":{"start":{"line":691,"column":12},"end":{"line":691,"column":45}},"221":{"start":{"line":693,"column":12},"end":{"line":693,"column":45}},"222":{"start":{"line":694,"column":12},"end":{"line":694,"column":44}},"223":{"start":{"line":697,"column":8},"end":{"line":697,"column":69}},"224":{"start":{"line":698,"column":8},"end":{"line":698,"column":55}},"225":{"start":{"line":703,"column":12},"end":{"line":703,"column":24}},"226":{"start":{"line":704,"column":12},"end":{"line":704,"column":30}},"227":{"start":{"line":705,"column":12},"end":{"line":705,"column":31}},"228":{"start":{"line":706,"column":12},"end":{"line":706,"column":32586}},"229":{"start":{"line":707,"column":16},"end":{"line":707,"column":33}},"230":{"start":{"line":709,"column":16},"end":{"line":709,"column":32}},"231":{"start":{"line":711,"column":12},"end":{"line":711,"column":32773}},"232":{"start":{"line":712,"column":16},"end":{"line":712,"column":34}},"233":{"start":{"line":714,"column":16},"end":{"line":714,"column":33}},"234":{"start":{"line":716,"column":12},"end":{"line":716,"column":32963}},"235":{"start":{"line":719,"column":16},"end":{"line":719,"column":37}},"236":{"start":{"line":723,"column":16},"end":{"line":723,"column":125}},"237":{"start":{"line":726,"column":12},"end":{"line":726,"column":77}},"238":{"start":{"line":733,"column":8},"end":{"line":733,"column":33705}},"239":{"start":{"line":736,"column":12},"end":{"line":736,"column":76}},"240":{"start":{"line":737,"column":12},"end":{"line":737,"column":76}},"241":{"start":{"line":741,"column":12},"end":{"line":741,"column":88}},"242":{"start":{"line":744,"column":8},"end":{"line":744,"column":51}},"243":{"start":{"line":747,"column":12},"end":{"line":747,"column":34491}},"244":{"start":{"line":748,"column":16},"end":{"line":748,"column":61}},"245":{"start":{"line":749,"column":16},"end":{"line":749,"column":94}},"246":{"start":{"line":751,"column":16},"end":{"line":751,"column":61}},"247":{"start":{"line":752,"column":16},"end":{"line":752,"column":82}},"248":{"start":{"line":759,"column":8},"end":{"line":759,"column":51}},"249":{"start":{"line":761,"column":12},"end":{"line":761,"column":35099}},"250":{"start":{"line":764,"column":16},"end":{"line":764,"column":96}},"251":{"start":{"line":769,"column":16},"end":{"line":769,"column":96}},"252":{"start":{"line":776,"column":8},"end":{"line":776,"column":35797}},"253":{"start":{"line":777,"column":12},"end":{"line":777,"column":75}},"254":{"start":{"line":779,"column":12},"end":{"line":779,"column":75}},"255":{"start":{"line":793,"column":8},"end":{"line":793,"column":89}},"256":{"start":{"line":794,"column":8},"end":{"line":794,"column":56}},"257":{"start":{"line":795,"column":8},"end":{"line":795,"column":51}},"258":{"start":{"line":796,"column":8},"end":{"line":796,"column":97}},"259":{"start":{"line":800,"column":8},"end":{"line":800,"column":89}},"260":{"start":{"line":804,"column":8},"end":{"line":804,"column":93}},"261":{"start":{"line":809,"column":8},"end":{"line":809,"column":37179}},"262":{"start":{"line":810,"column":12},"end":{"line":810,"column":54}},"263":{"start":{"line":811,"column":12},"end":{"line":811,"column":51}},"264":{"start":{"line":821,"column":8},"end":{"line":821,"column":37}},"265":{"start":{"line":822,"column":8},"end":{"line":822,"column":37634}},"266":{"start":{"line":823,"column":12},"end":{"line":823,"column":61}},"267":{"start":{"line":824,"column":12},"end":{"line":824,"column":82}},"268":{"start":{"line":826,"column":12},"end":{"line":826,"column":67}},"269":{"start":{"line":832,"column":8},"end":{"line":832,"column":56}},"270":{"start":{"line":833,"column":8},"end":{"line":833,"column":63}},"271":{"start":{"line":837,"column":8},"end":{"line":837,"column":32}},"272":{"start":{"line":838,"column":8},"end":{"line":838,"column":23}},"273":{"start":{"line":839,"column":8},"end":{"line":839,"column":53}},"274":{"start":{"line":847,"column":8},"end":{"line":847,"column":50}},"275":{"start":{"line":848,"column":8},"end":{"line":848,"column":101}},"276":{"start":{"line":852,"column":8},"end":{"line":852,"column":63}},"277":{"start":{"line":853,"column":8},"end":{"line":853,"column":53}},"278":{"start":{"line":854,"column":8},"end":{"line":854,"column":60}},"279":{"start":{"line":855,"column":8},"end":{"line":855,"column":68}},"280":{"start":{"line":856,"column":8},"end":{"line":856,"column":95}},"281":{"start":{"line":858,"column":8},"end":{"line":858,"column":39158}},"282":{"start":{"line":859,"column":12},"end":{"line":859,"column":39}},"283":{"start":{"line":862,"column":8},"end":{"line":862,"column":59}},"284":{"start":{"line":866,"column":8},"end":{"line":866,"column":58}},"285":{"start":{"line":867,"column":8},"end":{"line":867,"column":39542}},"286":{"start":{"line":868,"column":12},"end":{"line":868,"column":23}},"287":{"start":{"line":870,"column":12},"end":{"line":870,"column":59}},"288":{"start":{"line":885,"column":8},"end":{"line":885,"column":107}},"289":{"start":{"line":889,"column":8},"end":{"line":889,"column":69}},"290":{"start":{"line":893,"column":8},"end":{"line":893,"column":78}},"291":{"start":{"line":897,"column":8},"end":{"line":897,"column":78}},"292":{"start":{"line":902,"column":8},"end":{"line":902,"column":63}},"293":{"start":{"line":903,"column":8},"end":{"line":903,"column":53}},"294":{"start":{"line":904,"column":8},"end":{"line":904,"column":23}},"295":{"start":{"line":905,"column":8},"end":{"line":905,"column":45}},"296":{"start":{"line":906,"column":8},"end":{"line":906,"column":35}},"297":{"start":{"line":907,"column":8},"end":{"line":907,"column":40}},"298":{"start":{"line":908,"column":8},"end":{"line":908,"column":67}},"299":{"start":{"line":909,"column":8},"end":{"line":909,"column":47}},"300":{"start":{"line":910,"column":8},"end":{"line":910,"column":35}}},"branchMap":{"1":{"line":123,"type":"if","locations":[{"start":{"line":123,"column":8},"end":{"line":123,"column":8}},{"start":{"line":123,"column":8},"end":{"line":123,"column":8}}]},"2":{"line":142,"type":"if","locations":[{"start":{"line":142,"column":8},"end":{"line":142,"column":8}},{"start":{"line":142,"column":8},"end":{"line":142,"column":8}}]},"3":{"line":143,"type":"if","locations":[{"start":{"line":143,"column":8},"end":{"line":143,"column":8}},{"start":{"line":143,"column":8},"end":{"line":143,"column":8}}]},"4":{"line":144,"type":"if","locations":[{"start":{"line":144,"column":8},"end":{"line":144,"column":8}},{"start":{"line":144,"column":8},"end":{"line":144,"column":8}}]},"5":{"line":153,"type":"if","locations":[{"start":{"line":153,"column":8},"end":{"line":153,"column":8}},{"start":{"line":153,"column":8},"end":{"line":153,"column":8}}]},"6":{"line":154,"type":"if","locations":[{"start":{"line":154,"column":8},"end":{"line":154,"column":8}},{"start":{"line":154,"column":8},"end":{"line":154,"column":8}}]},"7":{"line":167,"type":"if","locations":[{"start":{"line":167,"column":8},"end":{"line":167,"column":8}},{"start":{"line":167,"column":8},"end":{"line":167,"column":8}}]},"8":{"line":170,"type":"if","locations":[{"start":{"line":170,"column":12},"end":{"line":170,"column":12}},{"start":{"line":170,"column":12},"end":{"line":170,"column":12}}]},"9":{"line":176,"type":"if","locations":[{"start":{"line":176,"column":16},"end":{"line":176,"column":16}},{"start":{"line":176,"column":16},"end":{"line":176,"column":16}}]},"10":{"line":178,"type":"if","locations":[{"start":{"line":178,"column":20},"end":{"line":178,"column":20}},{"start":{"line":178,"column":20},"end":{"line":178,"column":20}}]},"11":{"line":181,"type":"if","locations":[{"start":{"line":181,"column":24},"end":{"line":181,"column":24}},{"start":{"line":181,"column":24},"end":{"line":181,"column":24}}]},"12":{"line":203,"type":"if","locations":[{"start":{"line":203,"column":24},"end":{"line":203,"column":24}},{"start":{"line":203,"column":24},"end":{"line":203,"column":24}}]},"13":{"line":218,"type":"if","locations":[{"start":{"line":218,"column":16},"end":{"line":218,"column":16}},{"start":{"line":218,"column":16},"end":{"line":218,"column":16}}]},"14":{"line":239,"type":"if","locations":[{"start":{"line":239,"column":20},"end":{"line":239,"column":20}},{"start":{"line":239,"column":20},"end":{"line":239,"column":20}}]},"15":{"line":250,"type":"if","locations":[{"start":{"line":250,"column":8},"end":{"line":250,"column":8}},{"start":{"line":250,"column":8},"end":{"line":250,"column":8}}]},"16":{"line":259,"type":"if","locations":[{"start":{"line":259,"column":8},"end":{"line":259,"column":8}},{"start":{"line":259,"column":8},"end":{"line":259,"column":8}}]},"17":{"line":272,"type":"if","locations":[{"start":{"line":272,"column":12},"end":{"line":272,"column":12}},{"start":{"line":272,"column":12},"end":{"line":272,"column":12}}]},"18":{"line":276,"type":"if","locations":[{"start":{"line":276,"column":16},"end":{"line":276,"column":16}},{"start":{"line":276,"column":16},"end":{"line":276,"column":16}}]},"19":{"line":282,"type":"if","locations":[{"start":{"line":282,"column":16},"end":{"line":282,"column":16}},{"start":{"line":282,"column":16},"end":{"line":282,"column":16}}]},"20":{"line":290,"type":"if","locations":[{"start":{"line":290,"column":8},"end":{"line":290,"column":8}},{"start":{"line":290,"column":8},"end":{"line":290,"column":8}}]},"21":{"line":297,"type":"if","locations":[{"start":{"line":297,"column":16},"end":{"line":297,"column":16}},{"start":{"line":297,"column":16},"end":{"line":297,"column":16}}]},"22":{"line":318,"type":"if","locations":[{"start":{"line":318,"column":20},"end":{"line":318,"column":20}},{"start":{"line":318,"column":20},"end":{"line":318,"column":20}}]},"23":{"line":330,"type":"if","locations":[{"start":{"line":330,"column":8},"end":{"line":330,"column":8}},{"start":{"line":330,"column":8},"end":{"line":330,"column":8}}]},"24":{"line":345,"type":"if","locations":[{"start":{"line":345,"column":8},"end":{"line":345,"column":8}},{"start":{"line":345,"column":8},"end":{"line":345,"column":8}}]},"25":{"line":348,"type":"if","locations":[{"start":{"line":348,"column":8},"end":{"line":348,"column":8}},{"start":{"line":348,"column":8},"end":{"line":348,"column":8}}]},"26":{"line":350,"type":"if","locations":[{"start":{"line":350,"column":12},"end":{"line":350,"column":12}},{"start":{"line":350,"column":12},"end":{"line":350,"column":12}}]},"27":{"line":351,"type":"if","locations":[{"start":{"line":351,"column":16},"end":{"line":351,"column":16}},{"start":{"line":351,"column":16},"end":{"line":351,"column":16}}]},"28":{"line":352,"type":"if","locations":[{"start":{"line":352,"column":21},"end":{"line":352,"column":21}},{"start":{"line":352,"column":21},"end":{"line":352,"column":21}}]},"29":{"line":355,"type":"if","locations":[{"start":{"line":355,"column":16},"end":{"line":355,"column":16}},{"start":{"line":355,"column":16},"end":{"line":355,"column":16}}]},"30":{"line":357,"type":"if","locations":[{"start":{"line":357,"column":23},"end":{"line":357,"column":23}},{"start":{"line":357,"column":23},"end":{"line":357,"column":23}}]},"31":{"line":365,"type":"if","locations":[{"start":{"line":365,"column":12},"end":{"line":365,"column":12}},{"start":{"line":365,"column":12},"end":{"line":365,"column":12}}]},"32":{"line":376,"type":"if","locations":[{"start":{"line":376,"column":8},"end":{"line":376,"column":8}},{"start":{"line":376,"column":8},"end":{"line":376,"column":8}}]},"33":{"line":389,"type":"if","locations":[{"start":{"line":389,"column":8},"end":{"line":389,"column":8}},{"start":{"line":389,"column":8},"end":{"line":389,"column":8}}]},"34":{"line":391,"type":"if","locations":[{"start":{"line":391,"column":8},"end":{"line":391,"column":8}},{"start":{"line":391,"column":8},"end":{"line":391,"column":8}}]},"35":{"line":393,"type":"if","locations":[{"start":{"line":393,"column":8},"end":{"line":393,"column":8}},{"start":{"line":393,"column":8},"end":{"line":393,"column":8}}]},"36":{"line":399,"type":"if","locations":[{"start":{"line":399,"column":8},"end":{"line":399,"column":8}},{"start":{"line":399,"column":8},"end":{"line":399,"column":8}}]},"37":{"line":428,"type":"if","locations":[{"start":{"line":428,"column":8},"end":{"line":428,"column":8}},{"start":{"line":428,"column":8},"end":{"line":428,"column":8}}]},"38":{"line":436,"type":"if","locations":[{"start":{"line":436,"column":8},"end":{"line":436,"column":8}},{"start":{"line":436,"column":8},"end":{"line":436,"column":8}}]},"39":{"line":444,"type":"if","locations":[{"start":{"line":444,"column":16},"end":{"line":444,"column":16}},{"start":{"line":444,"column":16},"end":{"line":444,"column":16}}]},"40":{"line":466,"type":"if","locations":[{"start":{"line":466,"column":12},"end":{"line":466,"column":12}},{"start":{"line":466,"column":12},"end":{"line":466,"column":12}}]},"41":{"line":469,"type":"if","locations":[{"start":{"line":469,"column":12},"end":{"line":469,"column":12}},{"start":{"line":469,"column":12},"end":{"line":469,"column":12}}]},"42":{"line":473,"type":"if","locations":[{"start":{"line":473,"column":16},"end":{"line":473,"column":16}},{"start":{"line":473,"column":16},"end":{"line":473,"column":16}}]},"43":{"line":505,"type":"if","locations":[{"start":{"line":505,"column":8},"end":{"line":505,"column":8}},{"start":{"line":505,"column":8},"end":{"line":505,"column":8}}]},"44":{"line":508,"type":"if","locations":[{"start":{"line":508,"column":8},"end":{"line":508,"column":8}},{"start":{"line":508,"column":8},"end":{"line":508,"column":8}}]},"45":{"line":511,"type":"if","locations":[{"start":{"line":511,"column":8},"end":{"line":511,"column":8}},{"start":{"line":511,"column":8},"end":{"line":511,"column":8}}]},"46":{"line":550,"type":"if","locations":[{"start":{"line":550,"column":8},"end":{"line":550,"column":8}},{"start":{"line":550,"column":8},"end":{"line":550,"column":8}}]},"47":{"line":565,"type":"if","locations":[{"start":{"line":565,"column":8},"end":{"line":565,"column":8}},{"start":{"line":565,"column":8},"end":{"line":565,"column":8}}]},"48":{"line":604,"type":"if","locations":[{"start":{"line":604,"column":12},"end":{"line":604,"column":12}},{"start":{"line":604,"column":12},"end":{"line":604,"column":12}}]},"49":{"line":662,"type":"if","locations":[{"start":{"line":662,"column":8},"end":{"line":662,"column":8}},{"start":{"line":662,"column":8},"end":{"line":662,"column":8}}]},"50":{"line":678,"type":"if","locations":[{"start":{"line":678,"column":8},"end":{"line":678,"column":8}},{"start":{"line":678,"column":8},"end":{"line":678,"column":8}}]},"51":{"line":716,"type":"if","locations":[{"start":{"line":716,"column":12},"end":{"line":716,"column":12}},{"start":{"line":716,"column":12},"end":{"line":716,"column":12}}]},"52":{"line":733,"type":"if","locations":[{"start":{"line":733,"column":8},"end":{"line":733,"column":8}},{"start":{"line":733,"column":8},"end":{"line":733,"column":8}}]},"53":{"line":747,"type":"if","locations":[{"start":{"line":747,"column":12},"end":{"line":747,"column":12}},{"start":{"line":747,"column":12},"end":{"line":747,"column":12}}]},"54":{"line":761,"type":"if","locations":[{"start":{"line":761,"column":12},"end":{"line":761,"column":12}},{"start":{"line":761,"column":12},"end":{"line":761,"column":12}}]},"55":{"line":776,"type":"if","locations":[{"start":{"line":776,"column":8},"end":{"line":776,"column":8}},{"start":{"line":776,"column":8},"end":{"line":776,"column":8}}]},"56":{"line":794,"type":"if","locations":[{"start":{"line":794,"column":8},"end":{"line":794,"column":8}},{"start":{"line":794,"column":8},"end":{"line":794,"column":8}}]},"57":{"line":809,"type":"if","locations":[{"start":{"line":809,"column":8},"end":{"line":809,"column":8}},{"start":{"line":809,"column":8},"end":{"line":809,"column":8}}]},"58":{"line":822,"type":"if","locations":[{"start":{"line":822,"column":8},"end":{"line":822,"column":8}},{"start":{"line":822,"column":8},"end":{"line":822,"column":8}}]},"59":{"line":858,"type":"if","locations":[{"start":{"line":858,"column":8},"end":{"line":858,"column":8}},{"start":{"line":858,"column":8},"end":{"line":858,"column":8}}]},"60":{"line":867,"type":"if","locations":[{"start":{"line":867,"column":8},"end":{"line":867,"column":8}},{"start":{"line":867,"column":8},"end":{"line":867,"column":8}}]}}},"contracts\\ResonateHelper.sol":{"l":{"23":3,"24":3,"28":83,"32":74,"36":40,"40":536,"44":541,"51":577,"52":577,"56":5,"57":5,"61":1,"63":1,"64":1,"66":1,"67":1,"69":1,"70":1,"71":1,"77":2,"81":3,"97":0,"103":1,"104":1,"105":1,"106":1,"107":1,"109":1,"110":0,"111":0,"113":1,"114":1,"119":107,"120":107,"121":107,"122":107,"123":107,"125":107},"path":"C:\\Users\\Ryan\\Documents\\Revest\\Resonate\\hardhat\\contracts\\ResonateHelper.sol","s":{"1":3,"2":3,"3":83,"4":74,"5":40,"6":536,"7":541,"8":577,"9":5,"10":1,"11":1,"12":1,"13":1,"14":1,"15":1,"16":1,"17":1,"18":2,"19":3,"20":0,"21":1,"22":1,"23":1,"24":1,"25":1,"26":0,"27":0,"28":1,"29":1,"30":107,"31":107,"32":107,"33":107,"34":107},"b":{"1":[577,0],"2":[5,0],"3":[1,0],"4":[0,1]},"f":{"1":3,"2":83,"3":74,"4":40,"5":536,"6":541,"7":577,"8":5,"9":1,"10":2,"11":3,"12":0,"13":1,"14":107},"fnMap":{"1":{"name":"constructor","line":22,"loc":{"start":{"line":22,"column":4},"end":{"line":25,"column":4}}},"2":{"name":"getAddressForPool","line":27,"loc":{"start":{"line":27,"column":4},"end":{"line":29,"column":4}}},"3":{"name":"getAddressForFNFT","line":31,"loc":{"start":{"line":31,"column":4},"end":{"line":33,"column":4}}},"4":{"name":"getWalletForPool","line":35,"loc":{"start":{"line":35,"column":4},"end":{"line":37,"column":4}}},"5":{"name":"getWalletForFNFT","line":39,"loc":{"start":{"line":39,"column":4},"end":{"line":41,"column":4}}},"6":{"name":"_getWalletForFNFT","line":43,"loc":{"start":{"line":43,"column":4},"end":{"line":45,"column":4}}},"7":{"name":"onlyOwner","line":50,"loc":{"start":{"line":50,"column":4},"end":{"line":53,"column":4}}},"8":{"name":"onlySandwichBot","line":55,"loc":{"start":{"line":55,"column":4},"end":{"line":58,"column":4}}},"9":{"name":"setResonate","line":60,"loc":{"start":{"line":60,"column":4},"end":{"line":72,"column":4}}},"10":{"name":"sandwichSnapshot","line":76,"loc":{"start":{"line":76,"column":4},"end":{"line":78,"column":4}}},"11":{"name":"proxyCall","line":80,"loc":{"start":{"line":80,"column":4},"end":{"line":82,"column":4}}},"12":{"name":"getPoolId","line":89,"loc":{"start":{"line":89,"column":4},"end":{"line":98,"column":4}}},"13":{"name":"nextInQueue","line":102,"loc":{"start":{"line":102,"column":4},"end":{"line":116,"column":4}}},"14":{"name":"isQueueEmpty","line":118,"loc":{"start":{"line":118,"column":4},"end":{"line":126,"column":4}}}},"statementMap":{"1":{"start":{"line":23,"column":8},"end":{"line":23,"column":42}},"2":{"start":{"line":24,"column":8},"end":{"line":24,"column":26}},"3":{"start":{"line":28,"column":8},"end":{"line":28,"column":78}},"4":{"start":{"line":32,"column":8},"end":{"line":32,"column":101}},"5":{"start":{"line":36,"column":8},"end":{"line":36,"column":69}},"6":{"start":{"line":40,"column":8},"end":{"line":40,"column":41}},"7":{"start":{"line":44,"column":8},"end":{"line":44,"column":87}},"8":{"start":{"line":51,"column":8},"end":{"line":51,"column":72}},"9":{"start":{"line":56,"column":8},"end":{"line":56,"column":59}},"10":{"start":{"line":61,"column":8},"end":{"line":61,"column":43}},"11":{"start":{"line":63,"column":8},"end":{"line":63,"column":70}},"12":{"start":{"line":64,"column":8},"end":{"line":64,"column":66}},"13":{"start":{"line":66,"column":8},"end":{"line":66,"column":38}},"14":{"start":{"line":67,"column":8},"end":{"line":67,"column":42}},"15":{"start":{"line":69,"column":8},"end":{"line":69,"column":33}},"16":{"start":{"line":70,"column":8},"end":{"line":70,"column":24}},"17":{"start":{"line":71,"column":8},"end":{"line":71,"column":53}},"18":{"start":{"line":77,"column":8},"end":{"line":77,"column":114}},"19":{"start":{"line":81,"column":8},"end":{"line":81,"column":98}},"20":{"start":{"line":97,"column":8},"end":{"line":97,"column":107}},"21":{"start":{"line":103,"column":8},"end":{"line":103,"column":46}},"22":{"start":{"line":104,"column":8},"end":{"line":104,"column":40}},"23":{"start":{"line":106,"column":12},"end":{"line":106,"column":84}},"24":{"start":{"line":107,"column":12},"end":{"line":107,"column":47}},"25":{"start":{"line":109,"column":8},"end":{"line":109,"column":3811}},"26":{"start":{"line":110,"column":12},"end":{"line":110,"column":90}},"27":{"start":{"line":111,"column":12},"end":{"line":111,"column":41}},"28":{"start":{"line":113,"column":11},"end":{"line":113,"column":89}},"29":{"start":{"line":114,"column":12},"end":{"line":114,"column":41}},"30":{"start":{"line":119,"column":8},"end":{"line":119,"column":46}},"31":{"start":{"line":120,"column":8},"end":{"line":120,"column":37}},"32":{"start":{"line":122,"column":12},"end":{"line":122,"column":84}},"33":{"start":{"line":123,"column":12},"end":{"line":123,"column":44}},"34":{"start":{"line":125,"column":8},"end":{"line":125,"column":101}}},"branchMap":{"1":{"line":51,"type":"if","locations":[{"start":{"line":51,"column":8},"end":{"line":51,"column":8}},{"start":{"line":51,"column":8},"end":{"line":51,"column":8}}]},"2":{"line":56,"type":"if","locations":[{"start":{"line":56,"column":8},"end":{"line":56,"column":8}},{"start":{"line":56,"column":8},"end":{"line":56,"column":8}}]},"3":{"line":61,"type":"if","locations":[{"start":{"line":61,"column":8},"end":{"line":61,"column":8}},{"start":{"line":61,"column":8},"end":{"line":61,"column":8}}]},"4":{"line":109,"type":"if","locations":[{"start":{"line":109,"column":8},"end":{"line":109,"column":8}},{"start":{"line":109,"column":8},"end":{"line":109,"column":8}}]}}},"contracts\\SmartWallet.sol":{"l":{"23":1,"24":1,"29":541,"30":541,"34":0,"35":0,"46":532,"47":392,"50":514,"51":495,"55":4,"57":4,"61":396,"62":140,"66":396,"68":396,"75":3,"77":3,"78":3,"79":3,"84":2,"86":1,"90":2,"91":1,"94":2,"96":2,"100":2,"109":0,"113":502},"path":"C:\\Users\\Ryan\\Documents\\Revest\\Resonate\\hardhat\\contracts\\SmartWallet.sol","s":{"1":1,"2":1,"3":541,"4":0,"5":0,"6":532,"7":392,"8":514,"9":495,"10":4,"11":4,"12":396,"13":140,"14":396,"15":396,"16":3,"17":3,"18":3,"19":3,"20":2,"21":1,"22":2,"23":1,"24":2,"25":2,"26":1,"27":1,"28":2,"29":0,"30":502},"b":{"1":[541,0],"2":[392,140],"3":[140,256],"4":[2,1],"5":[1,1],"6":[1,1],"7":[1,1]},"f":{"1":1,"2":541,"3":0,"4":532,"5":4,"6":396,"7":3,"8":2,"9":0,"10":502},"fnMap":{"1":{"name":"constructor","line":22,"loc":{"start":{"line":22,"column":4},"end":{"line":25,"column":4}}},"2":{"name":"onlyMaster","line":28,"loc":{"start":{"line":28,"column":4},"end":{"line":31,"column":4}}},"3":{"name":"withdraw","line":33,"loc":{"start":{"line":33,"column":4},"end":{"line":36,"column":4}}},"4":{"name":"withdrawVault","line":38,"loc":{"start":{"line":38,"column":4},"end":{"line":52,"column":4}}},"5":{"name":"withdrawAndTransfer","line":54,"loc":{"start":{"line":54,"column":4},"end":{"line":58,"column":4}}},"6":{"name":"_withdrawVault","line":60,"loc":{"start":{"line":60,"column":4},"end":{"line":71,"column":4}}},"7":{"name":"proxyCall","line":74,"loc":{"start":{"line":74,"column":4},"end":{"line":87,"column":4}}},"8":{"name":"withdrawOrDeposit","line":89,"loc":{"start":{"line":89,"column":4},"end":{"line":101,"column":4}}},"9":{"name":"cleanMemory","line":108,"loc":{"start":{"line":108,"column":4},"end":{"line":110,"column":4}}},"10":{"name":"_cleanMemory","line":112,"loc":{"start":{"line":112,"column":4},"end":{"line":114,"column":4}}}},"statementMap":{"1":{"start":{"line":23,"column":8},"end":{"line":23,"column":26}},"2":{"start":{"line":24,"column":8},"end":{"line":24,"column":27}},"3":{"start":{"line":29,"column":8},"end":{"line":29,"column":70}},"4":{"start":{"line":34,"column":8},"end":{"line":34,"column":51}},"5":{"start":{"line":35,"column":8},"end":{"line":35,"column":21}},"6":{"start":{"line":46,"column":8},"end":{"line":46,"column":1588}},"7":{"start":{"line":47,"column":12},"end":{"line":47,"column":84}},"8":{"start":{"line":50,"column":8},"end":{"line":50,"column":61}},"9":{"start":{"line":51,"column":8},"end":{"line":51,"column":21}},"10":{"start":{"line":55,"column":8},"end":{"line":55,"column":75}},"11":{"start":{"line":57,"column":8},"end":{"line":57,"column":21}},"12":{"start":{"line":61,"column":8},"end":{"line":61,"column":2198}},"13":{"start":{"line":62,"column":12},"end":{"line":62,"column":67}},"14":{"start":{"line":66,"column":8},"end":{"line":66,"column":47}},"15":{"start":{"line":68,"column":8},"end":{"line":68,"column":54}},"16":{"start":{"line":75,"column":8},"end":{"line":75,"column":70}},"17":{"start":{"line":77,"column":8},"end":{"line":77,"column":2791}},"18":{"start":{"line":78,"column":12},"end":{"line":78,"column":101}},"19":{"start":{"line":79,"column":12},"end":{"line":79,"column":36}},"20":{"start":{"line":84,"column":8},"end":{"line":84,"column":83}},"21":{"start":{"line":86,"column":8},"end":{"line":86,"column":21}},"22":{"start":{"line":90,"column":8},"end":{"line":90,"column":3353}},"23":{"start":{"line":91,"column":12},"end":{"line":91,"column":67}},"24":{"start":{"line":94,"column":8},"end":{"line":94,"column":47}},"25":{"start":{"line":96,"column":8},"end":{"line":96,"column":3612}},"26":{"start":{"line":96,"column":26},"end":{"line":96,"column":75}},"27":{"start":{"line":98,"column":13},"end":{"line":98,"column":48}},"28":{"start":{"line":100,"column":8},"end":{"line":100,"column":21}},"29":{"start":{"line":109,"column":8},"end":{"line":109,"column":21}},"30":{"start":{"line":113,"column":8},"end":{"line":113,"column":36}}},"branchMap":{"1":{"line":29,"type":"if","locations":[{"start":{"line":29,"column":8},"end":{"line":29,"column":8}},{"start":{"line":29,"column":8},"end":{"line":29,"column":8}}]},"2":{"line":46,"type":"if","locations":[{"start":{"line":46,"column":8},"end":{"line":46,"column":8}},{"start":{"line":46,"column":8},"end":{"line":46,"column":8}}]},"3":{"line":61,"type":"if","locations":[{"start":{"line":61,"column":8},"end":{"line":61,"column":8}},{"start":{"line":61,"column":8},"end":{"line":61,"column":8}}]},"4":{"line":79,"type":"if","locations":[{"start":{"line":79,"column":12},"end":{"line":79,"column":12}},{"start":{"line":79,"column":12},"end":{"line":79,"column":12}}]},"5":{"line":84,"type":"if","locations":[{"start":{"line":84,"column":8},"end":{"line":84,"column":8}},{"start":{"line":84,"column":8},"end":{"line":84,"column":8}}]},"6":{"line":90,"type":"if","locations":[{"start":{"line":90,"column":8},"end":{"line":90,"column":8}},{"start":{"line":90,"column":8},"end":{"line":90,"column":8}}]},"7":{"line":96,"type":"if","locations":[{"start":{"line":96,"column":8},"end":{"line":96,"column":8}},{"start":{"line":96,"column":8},"end":{"line":96,"column":8}}]}}},"contracts\\utils\\SecuredAddressLock.sol":{"l":{"14":0,"18":0,"22":0,"29":0,"30":0,"31":0,"35":0,"36":0,"37":0},"path":"C:\\Users\\Ryan\\Documents\\Revest\\Resonate\\hardhat\\contracts\\utils\\SecuredAddressLock.sol","s":{"1":0,"2":0,"3":0,"4":0,"5":0,"6":0,"7":0},"b":{"1":[0,0],"2":[0,0],"3":[0,0],"4":[0,0]},"f":{"1":0,"2":0,"3":0,"4":0,"5":0,"6":0},"fnMap":{"1":{"name":"constructor","line":13,"loc":{"start":{"line":13,"column":4},"end":{"line":15,"column":4}}},"2":{"name":"setAddressRegistry","line":17,"loc":{"start":{"line":17,"column":4},"end":{"line":19,"column":4}}},"3":{"name":"getAddressRegistry","line":21,"loc":{"start":{"line":21,"column":4},"end":{"line":23,"column":4}}},"4":{"name":"createLock","line":25,"loc":{"start":{"line":25,"column":4},"end":{"line":25,"column":92}}},"5":{"name":"onlyLockManager","line":28,"loc":{"start":{"line":28,"column":4},"end":{"line":32,"column":4}}},"6":{"name":"onlyRevestController","line":34,"loc":{"start":{"line":34,"column":4},"end":{"line":38,"column":4}}}},"statementMap":{"1":{"start":{"line":14,"column":8},"end":{"line":14,"column":53}},"2":{"start":{"line":18,"column":8},"end":{"line":18,"column":53}},"3":{"start":{"line":22,"column":8},"end":{"line":22,"column":41}},"4":{"start":{"line":29,"column":8},"end":{"line":29,"column":50}},"5":{"start":{"line":30,"column":8},"end":{"line":30,"column":74}},"6":{"start":{"line":35,"column":8},"end":{"line":35,"column":50}},"7":{"start":{"line":36,"column":8},"end":{"line":36,"column":69}}},"branchMap":{"1":{"line":29,"type":"if","locations":[{"start":{"line":29,"column":8},"end":{"line":29,"column":8}},{"start":{"line":29,"column":8},"end":{"line":29,"column":8}}]},"2":{"line":30,"type":"if","locations":[{"start":{"line":30,"column":8},"end":{"line":30,"column":8}},{"start":{"line":30,"column":8},"end":{"line":30,"column":8}}]},"3":{"line":35,"type":"if","locations":[{"start":{"line":35,"column":8},"end":{"line":35,"column":8}},{"start":{"line":35,"column":8},"end":{"line":35,"column":8}}]},"4":{"line":36,"type":"if","locations":[{"start":{"line":36,"column":8},"end":{"line":36,"column":8}},{"start":{"line":36,"column":8},"end":{"line":36,"column":8}}]}}}}